2026-06-17 17:28:12, SELF, v:1, k:ed@editorint, self:1, study:150, concept:1, refactor:1
2026-06-17 18:02:49, MOVE, v:1, k:ed@queimando, mode:DOWN
2026-06-17 18:02:56, MOVE, v:1, k:ed@queimando, mode:PICK
2026-06-17 18:03:00, EXEC, v:1, k:ed@queimando, mode:FULL, size:77, fail:COMP
2026-06-17 18:03:13, MOVE, v:1, k:ed@queimando, mode:BACK
2026-06-17 18:02:49, MOVE, v:1, k:ed@queimando, mode:EDIT
2026-06-17 18:02:49, MOVE, v:1, k:ed@queimando, mode:EDIT
2026-06-17 18:05:38, MOVE, v:1, k:ed@queimando, mode:EDIT
2026-06-17 18:08:08, MOVE, v:1, k:ed@queimando, mode:PICK
2026-06-17 18:08:26, MOVE, v:1, k:ed@queimando, mode:EDIT
2026-06-17 18:21:30, EXEC, v:1, k:ed@queimando, mode:FULL, size:81, fail:COMP
2026-06-17 18:26:44, MOVE, v:1, k:ed@queimando, mode:EDIT
2026-06-17 18:26:49, MOVE, v:1, k:ed@queimando, mode:EDIT
2026-06-17 18:32:14, MOVE, v:1, k:ed@queimando, mode:BACK
2026-06-17 19:32:49, MOVE, v:1, k:ed@chaves, mode:DOWN
2026-06-17 19:32:57, MOVE, v:1, k:ed@chaves, mode:PICK
2026-06-17 19:33:00, EXEC, v:1, k:ed@chaves, mode:FULL, rate:0, size:47
2026-06-17 19:33:05, EXEC, v:1, k:ed@chaves, mode:FULL, rate:0
2026-06-17 19:33:18, MOVE, v:1, k:ed@chaves, mode:BACK
2026-06-17 19:32:49, MOVE, v:1, k:ed@chaves, mode:EDIT
2026-06-17 19:32:49, MOVE, v:1, k:ed@chaves, mode:EDIT
2026-06-17 19:32:49, MOVE, v:1, k:ed@chaves, mode:EDIT
2026-06-17 19:33:05, MOVE, v:1, k:ed@chaves, mode:EDIT
2026-06-17 19:52:01, MOVE, v:1, k:ed@chaves, mode:EDIT
