2026-04-27 15:12:11, MOVE, v:1, k:ed@multiset, mode:PICK
2026-04-27 15:12:16, EXEC, v:1, k:ed@multiset, mode:FULL, rate:0
2026-04-27 15:12:18, MOVE, v:1, k:ed@multiset, mode:BACK
2026-04-27 15:12:22, MOVE, v:1, k:ed@magicsearch, mode:DOWN
2026-04-27 15:12:23, MOVE, v:1, k:ed@magicsearch, mode:PICK
2026-04-27 15:12:26, EXEC, v:1, k:ed@magicsearch, mode:FULL, rate:30, size:30
2026-04-27 15:12:29, MOVE, v:1, k:ed@magicsearch, mode:BACK
2026-04-27 15:13:03, MOVE, v:1, k:ed@magicsearch, mode:PICK
2026-04-27 15:13:05, EXEC, v:1, k:ed@magicsearch, mode:FULL, rate:30
2026-04-27 15:13:08, MOVE, v:1, k:ed@magicsearch, mode:BACK
2026-04-27 15:13:11, MOVE, v:1, k:ed@multiset, mode:PICK
2026-04-27 15:13:12, MOVE, v:1, k:ed@multiset, mode:BACK
2026-04-27 15:13:14, MOVE, v:1, k:ed@multiset, mode:PICK
2026-04-27 15:13:15, EXEC, v:1, k:ed@multiset, mode:FULL, rate:0
2026-04-27 15:13:15, MOVE, v:1, k:ed@multiset, mode:BACK
2026-04-27 15:14:09, MOVE, v:1, k:ed@multiset, mode:PICK
2026-04-27 15:14:10, EXEC, v:1, k:ed@multiset, mode:FULL, rate:0
2026-04-27 15:14:12, MOVE, v:1, k:ed@multiset, mode:BACK
2026-04-27 15:14:25, MOVE, v:1, k:ed@vetbuild, mode:PICK
2026-04-27 15:14:28, EXEC, v:1, k:ed@vetbuild, mode:FULL, rate:100
2026-04-27 15:14:32, MOVE, v:1, k:ed@vetbuild, mode:BACK
2026-04-27 15:15:50, MOVE, v:1, k:ed@multiset, mode:PICK
2026-04-27 15:15:54, EXEC, v:1, k:ed@multiset, mode:FULL, rate:0
2026-04-27 15:16:58, MOVE, v:1, k:ed@multiset, mode:BACK
2026-04-27 15:17:02, MOVE, v:1, k:ed@multiset, mode:PICK
2026-04-27 15:17:22, EXEC, v:1, k:ed@multiset, mode:FULL, rate:0
2026-04-27 15:13:05, MOVE, v:1, k:ed@magicsearch, mode:EDIT
2026-04-27 15:17:22, MOVE, v:1, k:ed@multiset, mode:EDIT
2026-04-27 15:14:28, MOVE, v:1, k:ed@vetbuild, mode:EDIT
2026-04-27 15:18:43, EXEC, v:1, k:ed@multiset, mode:FULL, rate:0, size:280
2026-04-27 15:19:06, MOVE, v:1, k:ed@multiset, mode:EDIT
2026-04-27 15:18:42, MOVE, v:1, k:ed@multiset, mode:EDIT
2026-04-27 15:26:06, EXEC, v:1, k:ed@multiset, mode:FULL, rate:16, size:129
2026-04-27 15:26:03, MOVE, v:1, k:ed@multiset, mode:EDIT
2026-04-27 15:26:05, MOVE, v:1, k:ed@multiset, mode:EDIT
2026-04-27 15:28:06, EXEC, v:1, k:ed@multiset, mode:FULL, rate:16, size:141
2026-04-27 15:28:57, EXEC, v:1, k:ed@multiset, mode:FULL, size:141, fail:COMP
2026-04-27 15:29:10, EXEC, v:1, k:ed@multiset, mode:FULL, size:142, fail:COMP
2026-04-27 15:30:07, EXEC, v:1, k:ed@multiset, mode:FULL, size:142, fail:COMP
2026-04-27 15:30:15, EXEC, v:1, k:ed@multiset, mode:FULL, size:142, fail:COMP
2026-04-27 15:30:28, EXEC, v:1, k:ed@multiset, mode:FULL, size:142, fail:COMP
2026-04-27 15:31:21, EXEC, v:1, k:ed@multiset, mode:FULL, size:131, fail:COMP
2026-04-27 15:31:37, EXEC, v:1, k:ed@multiset, mode:FULL, size:146, fail:COMP
2026-04-27 15:32:09, EXEC, v:1, k:ed@multiset, mode:FULL, rate:33, size:146
2026-04-27 15:32:08, MOVE, v:1, k:ed@multiset, mode:EDIT
2026-04-27 15:32:09, MOVE, v:1, k:ed@multiset, mode:EDIT
2026-04-27 15:34:25, EXEC, v:1, k:ed@multiset, mode:FULL, size:156, fail:COMP
2026-04-27 15:34:44, EXEC, v:1, k:ed@multiset, mode:FULL, rate:33, size:157
2026-04-27 15:35:12, EXEC, v:1, k:ed@multiset, mode:FULL, size:157, fail:COMP
2026-04-27 15:35:41, MOVE, v:1, k:ed@multiset, mode:EDIT
2026-04-27 15:34:44, MOVE, v:1, k:ed@multiset, mode:EDIT
2026-04-27 15:43:29, EXEC, v:1, k:ed@multiset, mode:FULL, size:158, fail:COMP
2026-04-27 15:44:06, EXEC, v:1, k:ed@multiset, mode:FULL, size:158, fail:COMP
2026-04-27 15:44:05, MOVE, v:1, k:ed@multiset, mode:EDIT
2026-04-27 15:57:34, MOVE, v:1, k:ed@multiset, mode:BACK
2026-04-27 15:57:39, MOVE, v:1, k:ed@multiset, mode:PICK
2026-04-27 15:57:40, EXEC, v:1, k:ed@multiset, mode:FULL, size:159, fail:COMP
2026-04-27 15:57:48, EXEC, v:1, k:ed@multiset, mode:FULL, size:159, fail:COMP
2026-04-27 15:57:54, EXEC, v:1, k:ed@multiset, mode:FULL, size:159, fail:COMP
2026-04-27 15:57:54, MOVE, v:1, k:ed@multiset, mode:EDIT
2026-04-27 15:58:07, EXEC, v:1, k:ed@multiset, mode:FULL, size:159, fail:COMP
2026-04-27 15:58:17, EXEC, v:1, k:ed@multiset, mode:FULL, rate:0, size:159
2026-04-27 15:58:38, EXEC, v:1, k:ed@multiset, mode:FULL, rate:0, size:159
2026-04-27 16:01:33, EXEC, v:1, k:ed@multiset, mode:FULL, rate:33, size:157
2026-04-27 16:01:58, MOVE, v:1, k:ed@multiset, mode:EDIT
2026-04-27 16:01:33, MOVE, v:1, k:ed@multiset, mode:EDIT
2026-04-27 16:07:39, EXEC, v:1, k:ed@multiset, mode:FULL, size:168, fail:COMP
2026-04-27 16:07:38, MOVE, v:1, k:ed@multiset, mode:EDIT
2026-04-27 16:09:16, EXEC, v:1, k:ed@multiset, mode:FULL, rate:33, size:158
2026-04-27 16:10:12, EXEC, v:1, k:ed@multiset, mode:FULL, rate:50, size:173
2026-04-27 16:10:10, MOVE, v:1, k:ed@multiset, mode:EDIT
2026-04-27 16:10:12, MOVE, v:1, k:ed@multiset, mode:EDIT
2026-04-27 16:13:07, MOVE, v:1, k:ed@multiset, mode:BACK
2026-04-27 16:17:02, MOVE, v:1, k:ed@multiset, mode:PICK
2026-04-27 16:17:03, EXEC, v:1, k:ed@multiset, mode:FULL, rate:66, size:183
2026-04-27 16:16:57, MOVE, v:1, k:ed@multiset, mode:EDIT
2026-04-27 16:17:03, MOVE, v:1, k:ed@multiset, mode:EDIT
2026-04-27 16:19:00, EXEC, v:1, k:ed@multiset, mode:FULL, rate:83, size:192
2026-04-27 16:20:44, EXEC, v:1, k:ed@multiset, mode:FULL, rate:100, size:196
2026-04-27 16:20:44, MOVE, v:1, k:ed@multiset, mode:EDIT
2026-04-27 16:20:44, MOVE, v:1, k:ed@multiset, mode:EDIT
2026-04-27 16:24:09, MOVE, v:1, k:ed@multiset, mode:BACK
2026-04-27 16:24:13, MOVE, v:1, k:ed@bettersearch, mode:PICK
2026-04-27 16:24:14, EXEC, v:1, k:ed@bettersearch, mode:FULL, rate:100, size:48
2026-04-27 16:24:15, MOVE, v:1, k:ed@bettersearch, mode:BACK
2026-04-27 16:25:20, MOVE, v:1, k:ed@multiset, mode:PICK
2026-04-27 16:25:22, EXEC, v:1, k:ed@multiset, mode:FULL, rate:100
2026-04-27 16:25:22, MOVE, v:1, k:ed@multiset, mode:BACK
2026-04-27 16:25:58, SELF, v:1, k:ed@multiset, self:1, rate:100, study:133, concept:1, refactor:1
2026-04-27 16:26:31, SELF, v:1, k:ed@multiset, self:1, rate:100, study:25, concept:1, refactor:1
2026-04-27 16:26:35, MOVE, v:1, k:ed@magicsearch, mode:PICK
2026-04-27 16:26:36, EXEC, v:1, k:ed@magicsearch, mode:FULL, rate:30
2026-04-27 16:26:43, EXEC, v:1, k:ed@magicsearch, mode:FULL, rate:30
2026-04-27 16:26:46, MOVE, v:1, k:ed@magicsearch, mode:BACK
2026-04-27 16:27:05, SELF, v:1, k:ed@multiset, self:1, rate:100, study:133, concept:1, refactor:1
2026-04-27 16:27:22, SELF, v:1, k:ed@bettersearch, self:1, rate:100, study:25, concept:1, refactor:1
2026-04-27 16:27:36, SELF, v:1, k:ed@setbuild, self:1, rate:100, study:65, refactor:1
2026-04-27 16:27:45, SELF, v:1, k:ed@setbuild, self:1, rate:100, study:75, refactor:1
2026-04-27 16:28:00, SELF, v:1, k:ed@vetbuild, self:1, study:97, concept:1, refactor:1
2026-04-27 16:25:21, MOVE, v:1, k:ed@multiset, mode:EDIT
2026-04-27 16:26:43, MOVE, v:1, k:ed@magicsearch, mode:EDIT
