2026-05-26 11:20:36, MOVE, v:1, k:ed@princesa, mode:PICK
2026-05-26 11:20:43, EXEC, v:1, k:ed@princesa, mode:FULL, rate:0, size:43
2026-05-26 11:20:48, EXEC, v:1, k:ed@princesa, mode:FULL, rate:0
2026-05-26 11:22:32, EXEC, v:1, k:ed@princesa, mode:FULL, rate:0, size:41
2026-05-26 11:24:19, EXEC, v:1, k:ed@princesa, mode:FULL, rate:0, size:46
2026-05-26 11:24:19, MOVE, v:1, k:ed@princesa, mode:EDIT
2026-05-26 11:24:18, MOVE, v:1, k:ed@princesa, mode:EDIT
2026-05-26 11:26:28, EXEC, v:1, k:ed@princesa, mode:FULL, rate:0, size:46
2026-05-26 11:27:25, EXEC, v:1, k:ed@princesa, mode:FULL, rate:0, size:46
2026-05-26 11:27:14, MOVE, v:1, k:ed@princesa, mode:EDIT
2026-05-26 11:27:25, MOVE, v:1, k:ed@princesa, mode:EDIT
2026-05-26 11:33:07, EXEC, v:1, k:ed@princesa, mode:FULL, rate:0, size:46
2026-05-26 11:33:30, EXEC, v:1, k:ed@princesa, mode:FULL, rate:0, size:46
2026-05-26 11:33:35, EXEC, v:1, k:ed@princesa, mode:FULL, rate:0, size:46
2026-05-26 11:34:17, EXEC, v:1, k:ed@princesa, mode:FULL, rate:0, size:44
2026-05-26 11:34:25, EXEC, v:1, k:ed@princesa, mode:FULL, rate:0, size:46
2026-05-26 11:34:21, MOVE, v:1, k:ed@princesa, mode:EDIT
2026-05-26 11:34:24, MOVE, v:1, k:ed@princesa, mode:EDIT
2026-05-26 11:35:26, EXEC, v:1, k:ed@princesa, mode:FULL, rate:0, size:47
2026-05-26 11:35:45, EXEC, v:1, k:ed@princesa, mode:FULL, rate:0, size:47
2026-05-26 11:38:46, EXEC, v:1, k:ed@princesa, mode:FULL, rate:0, size:46
2026-05-26 11:38:59, EXEC, v:1, k:ed@princesa, mode:FULL, rate:0, size:47
2026-05-26 11:39:38, EXEC, v:1, k:ed@princesa, mode:FULL, rate:0, size:47
2026-05-26 11:39:36, MOVE, v:1, k:ed@princesa, mode:EDIT
2026-05-26 11:39:38, MOVE, v:1, k:ed@princesa, mode:EDIT
2026-05-26 11:41:57, EXEC, v:1, k:ed@princesa, mode:FULL, rate:0, size:47
2026-05-26 11:42:06, EXEC, v:1, k:ed@princesa, mode:FULL, rate:0, size:47
2026-05-26 11:42:22, EXEC, v:1, k:ed@princesa, mode:FULL, rate:0, size:47
2026-05-26 11:42:29, EXEC, v:1, k:ed@princesa, mode:FULL, rate:0, size:47
2026-05-26 11:42:34, EXEC, v:1, k:ed@princesa, mode:FULL, rate:0, size:47
2026-05-26 11:43:05, EXEC, v:1, k:ed@princesa, mode:FULL, rate:0, size:47
2026-05-26 11:43:16, EXEC, v:1, k:ed@princesa, mode:FULL, rate:0, size:47
2026-05-26 11:44:33, EXEC, v:1, k:ed@princesa, mode:FULL, rate:0, size:47
2026-05-26 11:44:43, EXEC, v:1, k:ed@princesa, mode:FULL, rate:0, size:47
2026-05-26 11:44:57, EXEC, v:1, k:ed@princesa, mode:FULL, rate:0, size:47
2026-05-26 11:45:05, EXEC, v:1, k:ed@princesa, mode:FULL, rate:0, size:47
2026-05-26 11:45:10, EXEC, v:1, k:ed@princesa, mode:FULL, rate:0, size:47
2026-05-26 11:45:13, MOVE, v:1, k:ed@princesa, mode:EDIT
2026-05-26 11:45:10, MOVE, v:1, k:ed@princesa, mode:EDIT
2026-05-26 11:46:09, EXEC, v:1, k:ed@princesa, mode:FULL, rate:0, size:47
2026-05-26 11:47:37, EXEC, v:1, k:ed@princesa, mode:FULL, rate:0, size:47
2026-05-26 11:47:48, EXEC, v:1, k:ed@princesa, mode:FULL, rate:0, size:47
2026-05-26 11:48:47, EXEC, v:1, k:ed@princesa, mode:FULL, rate:0, size:47
2026-05-26 11:49:01, EXEC, v:1, k:ed@princesa, mode:FULL, rate:0, size:47
2026-05-26 11:49:01, MOVE, v:1, k:ed@princesa, mode:EDIT
2026-05-26 11:48:56, MOVE, v:1, k:ed@princesa, mode:EDIT
2026-05-26 11:53:09, EXEC, v:1, k:ed@princesa, mode:FULL, rate:0, size:52
2026-05-26 11:55:09, EXEC, v:1, k:ed@princesa, mode:FULL, rate:0, size:53
2026-05-26 11:55:04, MOVE, v:1, k:ed@princesa, mode:EDIT
2026-05-26 11:55:08, MOVE, v:1, k:ed@princesa, mode:EDIT
2026-05-26 11:58:33, EXEC, v:1, k:ed@princesa, mode:FULL, rate:0, size:53
2026-05-26 11:58:46, EXEC, v:1, k:ed@princesa, mode:FULL, rate:0, size:53
2026-05-26 11:59:36, EXEC, v:1, k:ed@princesa, mode:FULL, rate:0, size:53
2026-05-26 11:59:44, EXEC, v:1, k:ed@princesa, mode:FULL, rate:0, size:53
2026-05-26 12:00:00, EXEC, v:1, k:ed@princesa, mode:FULL, rate:0, size:53
2026-05-26 12:00:04, MOVE, v:1, k:ed@princesa, mode:EDIT
2026-05-26 12:00:00, MOVE, v:1, k:ed@princesa, mode:EDIT
2026-05-26 12:02:34, EXEC, v:1, k:ed@princesa, mode:FULL, rate:100, size:56
2026-05-26 12:04:28, EXEC, v:1, k:ed@princesa, mode:FULL, rate:0, size:53
2026-05-26 12:04:45, EXEC, v:1, k:ed@princesa, mode:FULL, rate:0, size:49
2026-05-26 12:04:43, MOVE, v:1, k:ed@princesa, mode:EDIT
2026-05-26 12:04:45, MOVE, v:1, k:ed@princesa, mode:EDIT
2026-05-26 12:06:37, EXEC, v:1, k:ed@princesa, mode:FULL, rate:0, size:53
2026-05-26 12:08:37, EXEC, v:1, k:ed@princesa, mode:FULL, rate:100, size:53
2026-05-26 12:08:41, MOVE, v:1, k:ed@princesa, mode:BACK
2026-05-26 12:09:24, SELF, v:1, k:ed@princesa, self:1, rate:100, study:150, concept:1, refactor:1
2026-05-26 12:08:08, MOVE, v:1, k:ed@princesa, mode:EDIT
2026-05-26 12:08:37, MOVE, v:1, k:ed@princesa, mode:EDIT
2026-05-26 12:10:41, MOVE, v:1, k:ed@alternando, mode:PICK
2026-05-26 12:10:43, EXEC, v:1, k:ed@alternando, mode:FULL, rate:0, size:5
2026-05-26 12:11:59, MOVE, v:1, k:ed@alternando, mode:BACK
2026-05-26 12:13:39, MOVE, v:1, k:ed@alternando, mode:PICK
2026-05-26 12:13:41, EXEC, v:1, k:ed@alternando, mode:FULL, rate:0
2026-05-26 12:13:41, MOVE, v:1, k:ed@alternando, mode:EDIT
2026-05-26 12:15:15, MOVE, v:1, k:ed@alternando, mode:EDIT
2026-05-26 12:17:19, EXEC, v:1, k:ed@alternando, mode:FULL, rate:0, size:63
2026-05-26 12:17:33, MOVE, v:1, k:ed@alternando, mode:EDIT
2026-05-26 12:17:15, MOVE, v:1, k:ed@alternando, mode:EDIT
