2026-04-28 13:15:46, SELF, v:1, k:ed@multiset, self:1, rate:83, study:134, concept:1, refactor:1
2026-04-28 13:16:07, SELF, v:1, k:ed@multiset, self:1, rate:83, study:134, concept:1, refactor:1
2026-04-28 13:16:43, SELF, v:1, k:ed@multiset, self:1, rate:83, study:134, concept:1, refactor:1
2026-04-28 13:16:57, MOVE, v:1, k:ed@multiset, mode:PICK
2026-04-28 13:16:58, EXEC, v:1, k:ed@multiset, mode:FULL, rate:100
2026-04-28 13:17:00, MOVE, v:1, k:ed@multiset, mode:BACK
2026-04-28 13:17:04, SELF, v:1, k:ed@multiset, self:1, rate:100, study:134, concept:1, refactor:1
2026-04-28 13:17:30, SELF, v:1, k:ed@vetbuild, self:1, study:97, concept:1, refactor:1
2026-04-28 13:18:18, SELF, v:1, k:ed@vetbuild, self:1, study:97, concept:1, refactor:1
2026-04-28 13:18:31, MOVE, v:1, k:ed@vetbuild, mode:PICK
2026-04-28 13:18:32, EXEC, v:1, k:ed@vetbuild, mode:FULL, rate:100
2026-04-28 13:18:34, MOVE, v:1, k:ed@vetbuild, mode:BACK
2026-04-28 14:27:07, MOVE, v:1, k:ed@lista_d1, mode:DOWN
2026-04-28 14:27:09, MOVE, v:1, k:ed@lista_d2, mode:DOWN
2026-04-28 14:27:10, MOVE, v:1, k:ed@lista_d4, mode:DOWN
2026-04-28 14:27:12, MOVE, v:1, k:ed@prin_list1, mode:DOWN
2026-04-28 14:29:09, MOVE, v:1, k:ed@lista_d1, mode:PICK
2026-04-28 14:29:15, MOVE, v:1, k:ed@lista_d1, mode:BACK
2026-04-28 14:27:07, MOVE, v:1, k:ed@lista_d1, mode:EDIT
2026-04-28 14:27:07, MOVE, v:1, k:ed@lista_d1, mode:EDIT
2026-04-28 14:27:07, MOVE, v:1, k:ed@lista_d1, mode:EDIT
2026-04-28 14:31:50, MOVE, v:1, k:ed@lista_d1, mode:EDIT
2026-04-28 14:27:09, MOVE, v:1, k:ed@lista_d2, mode:EDIT
2026-04-28 14:27:09, MOVE, v:1, k:ed@lista_d2, mode:EDIT
2026-04-28 14:27:09, MOVE, v:1, k:ed@lista_d2, mode:EDIT
2026-04-28 14:27:09, MOVE, v:1, k:ed@lista_d2, mode:EDIT
2026-04-28 14:27:10, MOVE, v:1, k:ed@lista_d4, mode:EDIT
2026-04-28 14:27:10, MOVE, v:1, k:ed@lista_d4, mode:EDIT
2026-04-28 14:27:10, MOVE, v:1, k:ed@lista_d4, mode:EDIT
2026-04-28 14:27:10, MOVE, v:1, k:ed@lista_d4, mode:EDIT
2026-04-28 14:27:12, MOVE, v:1, k:ed@prin_list1, mode:EDIT
2026-04-28 14:27:12, MOVE, v:1, k:ed@prin_list1, mode:EDIT
2026-04-28 14:27:12, MOVE, v:1, k:ed@prin_list1, mode:EDIT
2026-04-28 14:39:38, MOVE, v:1, k:ed@lista_d1, mode:EDIT
