2026-03-18 12:59:59, MOVE, v:1, k:ed@casais, mode:PICK
2026-03-18 13:00:04, EXEC, v:1, k:ed@casais, mode:FULL, rate:100
2026-03-18 13:06:33, EXEC, v:1, k:ed@casais, mode:FULL, size:34, fail:COMP
2026-03-18 13:07:18, EXEC, v:1, k:ed@casais, mode:FULL, rate:100, size:34
2026-03-18 13:07:40, EXEC, v:1, k:ed@casais, mode:FULL, rate:100, size:28
2026-03-18 13:10:53, MOVE, v:1, k:ed@casais, mode:BACK
2026-03-18 13:28:04, MOVE, v:1, k:ed@princesa, mode:PICK
2026-03-18 13:48:11, EXEC, v:1, k:ed@princesa, mode:FULL, size:29, fail:COMP
2026-03-18 13:48:21, EXEC, v:1, k:ed@princesa, mode:FULL, size:30, fail:COMP
2026-03-18 13:48:43, EXEC, v:1, k:ed@princesa, mode:FULL, rate:0, size:29
2026-03-18 13:52:38, MOVE, v:1, k:ed@princesa, mode:BACK
2026-03-18 13:52:47, MOVE, v:1, k:ed@pintando, mode:PICK
2026-03-18 13:53:49, SELF, v:1, k:ed@pintando, self:1, rate:100, study:20, friend:nao
2026-03-18 13:53:59, MOVE, v:1, k:ed@pintando, mode:BACK
2026-03-18 13:54:23, MOVE, v:1, k:ed@mumia, mode:PICK
2026-03-18 13:55:01, SELF, v:1, k:ed@mumia, self:1, rate:100, study:20, friend:nao
2026-03-18 13:55:07, MOVE, v:1, k:ed@mumia, mode:BACK
2026-03-18 13:55:21, SELF, v:1, k:ed@mumia, self:1, rate:100, study:10, friend:nao
2026-03-18 13:55:21, MOVE, v:1, k:ed@mumia, mode:PICK
2026-03-18 13:55:21, EXEC, v:1, k:ed@mumia, mode:FULL, rate:100
2026-03-18 13:55:24, MOVE, v:1, k:ed@mumia, mode:BACK
2026-03-18 13:55:30, MOVE, v:1, k:ed@fuga, mode:PICK
2026-03-18 13:55:43, SELF, v:1, k:ed@fuga, self:1, rate:100, study:30, friend:nao
2026-03-18 13:55:45, MOVE, v:1, k:ed@fuga, mode:BACK
2026-03-18 13:55:52, MOVE, v:1, k:ed@pedra, mode:PICK
2026-03-18 13:55:57, MOVE, v:1, k:ed@pedra, mode:BACK
2026-03-18 13:56:01, MOVE, v:1, k:ed@pedra, mode:PICK
2026-03-18 13:56:54, SELF, v:1, k:ed@pedra, self:1, rate:100, study:120, friend:nao
2026-03-18 13:56:56, MOVE, v:1, k:ed@pedra, mode:BACK
2026-03-18 13:57:05, MOVE, v:1, k:ed@casais, mode:PICK
2026-03-18 13:58:08, SELF, v:1, k:ed@casais, self:1, rate:100, study:50, friend:sim, cecilia
2026-03-18 13:58:13, MOVE, v:1, k:ed@casais, mode:BACK
2026-03-18 13:58:45, MOVE, v:1, k:ed@gomos, mode:PICK
2026-03-18 13:59:00, MOVE, v:1, k:ed@gomos, mode:BACK
2026-03-18 13:59:11, MOVE, v:1, k:ed@gomos, mode:PICK
2026-03-18 13:59:22, SELF, v:1, k:ed@gomos, self:1, rate:100, study:26, friend:nao
2026-03-18 13:59:24, MOVE, v:1, k:ed@gomos, mode:BACK
2026-03-18 14:00:28, MOVE, v:1, k:ed@princesa, mode:PICK
2026-03-18 14:00:35, EXEC, v:1, k:ed@princesa, mode:FULL, rate:0
2026-03-18 14:04:22, EXEC, v:1, k:ed@princesa, mode:FULL, rate:0, size:31
2026-03-18 17:49:39, MOVE, v:1, k:ed@apagando, mode:PICK
2026-03-18 18:01:33, EXEC, v:1, k:ed@apagando, mode:FULL, size:27, fail:COMP
2026-03-18 18:02:25, EXEC, v:1, k:ed@apagando, mode:FULL, size:29, fail:COMP
2026-03-18 18:04:05, EXEC, v:1, k:ed@apagando, mode:FULL, size:29, fail:COMP
2026-03-18 18:05:13, EXEC, v:1, k:ed@apagando, mode:FULL, size:31, fail:COMP
2026-03-18 18:07:09, EXEC, v:1, k:ed@apagando, mode:FULL, size:29, fail:COMP
2026-03-18 18:07:52, EXEC, v:1, k:ed@apagando, mode:FULL, size:29, fail:COMP
2026-03-18 18:08:06, EXEC, v:1, k:ed@apagando, mode:FULL, size:29, fail:COMP
2026-03-18 18:08:17, EXEC, v:1, k:ed@apagando, mode:FULL, size:29, fail:COMP
2026-03-18 18:08:44, EXEC, v:1, k:ed@apagando, mode:FULL, size:26, fail:COMP
2026-03-18 18:09:02, EXEC, v:1, k:ed@apagando, mode:FULL, rate:0, size:26
2026-03-18 18:10:29, EXEC, v:1, k:ed@apagando, mode:FULL, size:30, fail:COMP
2026-03-18 18:10:45, EXEC, v:1, k:ed@apagando, mode:FULL, rate:0, size:32
2026-03-18 18:11:08, EXEC, v:1, k:ed@apagando, mode:FULL, rate:0, size:32
2026-03-18 18:11:23, EXEC, v:1, k:ed@apagando, mode:FULL, rate:0, size:32
2026-03-18 18:11:50, EXEC, v:1, k:ed@apagando, mode:FULL, rate:0, size:33
2026-03-18 18:12:26, EXEC, v:1, k:ed@apagando, mode:FULL, size:31, fail:COMP
2026-03-18 18:12:56, EXEC, v:1, k:ed@apagando, mode:FULL, size:31, fail:COMP
2026-03-18 18:13:05, EXEC, v:1, k:ed@apagando, mode:FULL, size:31, fail:COMP
2026-03-18 18:13:14, EXEC, v:1, k:ed@apagando, mode:FULL, rate:0, size:29
