2026-06-22 14:19:00, MOVE, v:1, k:ed@queimando, mode:EDIT
2026-06-22 14:24:47, MOVE, v:1, k:ed@queimando, mode:PICK
2026-06-22 14:26:12, MOVE, v:1, k:ed@queimando, mode:EDIT
2026-06-22 14:31:15, MOVE, v:1, k:ed@queimando, mode:EDIT
2026-06-22 14:34:12, EXEC, v:1, k:ed@queimando, mode:FULL, size:106, fail:COMP
2026-06-22 14:36:14, MOVE, v:1, k:ed@queimando, mode:EDIT
2026-06-22 14:41:14, EXEC, v:1, k:ed@queimando, mode:FULL, rate:100, size:111
2026-06-22 14:41:07, MOVE, v:1, k:ed@queimando, mode:EDIT
2026-06-22 14:41:14, MOVE, v:1, k:ed@queimando, mode:EDIT
2026-06-22 14:41:20, MOVE, v:1, k:ed@queimando, mode:BACK
2026-06-22 14:41:50, SELF, v:1, k:ed@queimando, self:1, rate:100, study:50, concept:1
2026-06-22 21:01:57, MOVE, v:1, k:ed@pilhado, mode:DOWN
2026-06-22 21:02:55, MOVE, v:1, k:ed@balanceada, mode:PICK
2026-06-22 21:02:59, EXEC, v:1, k:ed@balanceada, mode:FULL, rate:0, size:6
2026-06-22 21:03:00, MOVE, v:1, k:ed@balanceada, mode:BACK
2026-06-22 21:03:23, MOVE, v:1, k:ed@polonesa, mode:DOWN
2026-06-22 21:03:54, MOVE, v:1, k:ed@hex, mode:DOWN
2026-06-22 21:01:57, MOVE, v:1, k:ed@pilhado, mode:EDIT
2026-06-22 21:01:57, MOVE, v:1, k:ed@pilhado, mode:EDIT
2026-06-22 21:01:57, MOVE, v:1, k:ed@pilhado, mode:EDIT
2026-06-22 21:02:58, MOVE, v:1, k:ed@balanceada, mode:EDIT
2026-06-22 21:03:23, MOVE, v:1, k:ed@polonesa, mode:EDIT
2026-06-22 21:06:41, MOVE, v:1, k:ed@serial, mode:DOWN
2026-06-22 21:06:41, MOVE, v:1, k:ed@serial, mode:EDIT
2026-06-22 21:07:13, MOVE, v:1, k:ed@serial, mode:EDIT
2026-06-22 21:43:29, MOVE, v:1, k:ed@pilha, mode:EDIT
2026-06-22 21:54:56, MOVE, v:1, k:ed@distancia, mode:PICK
2026-06-22 21:54:57, EXEC, v:1, k:ed@distancia, mode:FULL, rate:100, size:71
2026-06-22 21:55:10, MOVE, v:1, k:ed@distancia, mode:BACK
2026-06-22 21:54:50, MOVE, v:1, k:ed@distancia, mode:EDIT
2026-06-22 21:54:57, MOVE, v:1, k:ed@distancia, mode:EDIT
