2026-06-28 15:37:26, MOVE, v:1, k:ed@inverter, mode:PICK
2026-06-28 15:37:30, EXEC, v:1, k:ed@inverter, mode:FULL, rate:16, size:72
2026-06-28 15:37:54, MOVE, v:1, k:ed@inverter, mode:BACK
2026-06-28 15:37:30, MOVE, v:1, k:ed@inverter, mode:EDIT
2026-06-28 18:24:28, MOVE, v:1, k:ed@inverter, mode:PICK
2026-06-28 18:24:31, EXEC, v:1, k:ed@inverter, mode:FULL, rate:16
2026-06-28 18:27:03, EXEC, v:1, k:ed@inverter, mode:FULL, rate:100, size:80
2026-06-28 18:27:10, MOVE, v:1, k:ed@inverter, mode:BACK
2026-06-28 18:27:54, SELF, v:1, k:ed@inverter, self:1, rate:100, study:10, concept:1
2026-06-28 18:31:58, MOVE, v:1, k:ed@clonar, mode:DOWN
2026-06-28 18:32:01, MOVE, v:1, k:ed@clonar, mode:PICK
2026-06-28 18:32:03, EXEC, v:1, k:ed@clonar, mode:FULL, rate:0, size:76
2026-06-28 18:31:58, MOVE, v:1, k:ed@clonar, mode:EDIT
2026-06-28 18:31:58, MOVE, v:1, k:ed@clonar, mode:EDIT
2026-06-28 18:32:03, MOVE, v:1, k:ed@clonar, mode:EDIT
2026-06-28 18:34:04, MOVE, v:1, k:ed@clonar, mode:BACK
2026-06-28 18:34:07, MOVE, v:1, k:ed@soma, mode:DOWN
2026-06-28 18:34:08, MOVE, v:1, k:ed@soma, mode:PICK
2026-06-28 18:34:09, EXEC, v:1, k:ed@soma, mode:FULL, rate:0, size:83
2026-06-28 18:34:07, MOVE, v:1, k:ed@soma, mode:EDIT
2026-06-28 18:34:07, MOVE, v:1, k:ed@soma, mode:EDIT
2026-06-28 18:34:09, MOVE, v:1, k:ed@soma, mode:EDIT
2026-06-28 18:43:37, EXEC, v:1, k:ed@soma, mode:FULL, rate:42, size:86
