2026-06-08 10:07:29, MOVE, v:1, k:ed@bufferring, mode:DOWN
2026-06-08 10:07:30, MOVE, v:1, k:ed@bufferring, mode:PICK
2026-06-08 10:07:34, EXEC, v:1, k:ed@bufferring, mode:FULL, rate:0, size:110
2026-06-08 10:11:17, EXEC, v:1, k:ed@bufferring, mode:FULL, rate:0, size:115
2026-06-08 10:12:07, MOVE, v:1, k:ed@bufferring, mode:BACK
2026-06-08 10:07:29, MOVE, v:1, k:ed@bufferring, mode:EDIT
2026-06-08 10:07:29, MOVE, v:1, k:ed@bufferring, mode:EDIT
2026-06-08 10:07:29, MOVE, v:1, k:ed@bufferring, mode:EDIT
2026-06-08 10:12:05, MOVE, v:1, k:ed@bufferring, mode:EDIT
2026-06-08 10:11:17, MOVE, v:1, k:ed@bufferring, mode:EDIT
2026-06-08 10:16:22, MOVE, v:1, k:ed@bufferring, mode:PICK
2026-06-08 10:17:03, MOVE, v:1, k:ed@bufferring, mode:EDIT
2026-06-08 10:17:50, EXEC, v:1, k:ed@bufferring, mode:FULL, rate:0, size:132
2026-06-08 10:20:06, EXEC, v:1, k:ed@bufferring, mode:FULL, size:113, fail:COMP
2026-06-08 10:20:07, EXEC, v:1, k:ed@bufferring, mode:FULL, fail:COMP
2026-06-08 10:21:01, EXEC, v:1, k:ed@bufferring, mode:FULL, rate:0, size:113
2026-06-08 10:21:50, MOVE, v:1, k:ed@bufferring, mode:BACK
2026-06-08 10:22:30, MOVE, v:1, k:ed@bufferring, mode:PICK
2026-06-08 10:22:36, EXEC, v:1, k:ed@bufferring, mode:FULL, rate:0, size:114
2026-06-08 10:23:11, EXEC, v:1, k:ed@bufferring, mode:FULL, rate:0, size:135
2026-06-08 10:23:40, EXEC, v:1, k:ed@bufferring, mode:FULL, size:135, fail:COMP
2026-06-08 10:23:41, EXEC, v:1, k:ed@bufferring, mode:FULL, fail:COMP
2026-06-08 10:23:59, EXEC, v:1, k:ed@bufferring, mode:FULL, rate:16, size:135
2026-06-08 10:26:00, MOVE, v:1, k:ed@bufferring, mode:EDIT
2026-06-08 10:23:59, MOVE, v:1, k:ed@bufferring, mode:EDIT
2026-06-08 10:28:52, MOVE, v:1, k:ed@bufferring, mode:BACK
2026-06-08 10:34:34, MOVE, v:1, k:ed@bufferring, mode:PICK
2026-06-08 10:34:37, EXEC, v:1, k:ed@bufferring, mode:FULL, rate:33, size:150
2026-06-08 10:35:53, EXEC, v:1, k:ed@bufferring, mode:FULL, size:146, fail:COMP
2026-06-08 10:36:13, EXEC, v:1, k:ed@bufferring, mode:FULL, size:146, fail:COMP
2026-06-08 10:36:12, MOVE, v:1, k:ed@bufferring, mode:EDIT
2026-06-08 10:34:37, MOVE, v:1, k:ed@bufferring, mode:EDIT
2026-06-08 10:38:10, EXEC, v:1, k:ed@bufferring, mode:FULL, rate:33, size:158
