2026-03-20 08:53:17, MOVE, v:1, k:ed@apagando, mode:PICK
2026-03-20 08:56:49, EXEC, v:1, k:ed@apagando, mode:FULL, rate:0, size:31
2026-03-20 08:58:22, EXEC, v:1, k:ed@apagando, mode:FULL, rate:0
2026-03-20 09:12:10, EXEC, v:1, k:ed@apagando, mode:FULL, rate:0, size:35
2026-03-20 09:14:15, EXEC, v:1, k:ed@apagando, mode:FULL, rate:0, size:36
2026-03-20 09:14:38, EXEC, v:1, k:ed@apagando, mode:FULL, rate:0, size:36
2026-03-20 09:18:32, EXEC, v:1, k:ed@apagando, mode:FULL, rate:0, size:36
2026-03-20 09:18:39, EXEC, v:1, k:ed@apagando, mode:FULL, rate:0
2026-03-20 09:19:12, MOVE, v:1, k:ed@apagando, mode:PICK
2026-03-20 09:19:37, EXEC, v:1, k:ed@apagando, mode:FULL, rate:0, size:36
2026-03-20 09:20:59, EXEC, v:1, k:ed@apagando, mode:FULL, rate:0, size:36
2026-03-20 09:22:07, MOVE, v:1, k:ed@apagando, mode:BACK
2026-03-20 09:24:23, MOVE, v:1, k:ed@apagando, mode:PICK
2026-03-20 09:24:25, EXEC, v:1, k:ed@apagando, mode:FULL, rate:0, size:36
2026-03-20 09:24:32, EXEC, v:1, k:ed@apagando, mode:FULL, rate:0
2026-03-20 09:25:04, EXEC, v:1, k:ed@apagando, mode:FULL, rate:0, size:38
2026-03-20 09:26:29, EXEC, v:1, k:ed@apagando, mode:FULL, rate:0, size:38
2026-03-20 09:27:04, EXEC, v:1, k:ed@apagando, mode:FULL, rate:0, size:38
2026-03-20 09:28:40, EXEC, v:1, k:ed@apagando, mode:FULL, rate:0, size:38
2026-03-20 09:29:29, EXEC, v:1, k:ed@apagando, mode:FULL, rate:0, size:37
2026-03-20 09:30:19, EXEC, v:1, k:ed@apagando, mode:FULL, rate:0, size:37
2026-03-20 09:35:35, EXEC, v:1, k:ed@apagando, mode:FULL, rate:0, size:43
2026-03-20 09:40:02, EXEC, v:1, k:ed@apagando, mode:FULL, rate:0, size:45
2026-03-20 09:41:15, EXEC, v:1, k:ed@apagando, mode:FULL, rate:0, size:44
2026-03-20 09:42:41, EXEC, v:1, k:ed@apagando, mode:FULL, rate:0, size:45
2026-03-20 09:43:36, EXEC, v:1, k:ed@apagando, mode:FULL, rate:0, size:43
2026-03-20 09:43:40, EXEC, v:1, k:ed@apagando, mode:FULL, rate:0
2026-03-20 09:43:52, EXEC, v:1, k:ed@apagando, mode:FULL, rate:0, size:44
2026-03-20 09:43:54, EXEC, v:1, k:ed@apagando, mode:FULL, rate:0
2026-03-20 09:52:27, EXEC, v:1, k:ed@apagando, mode:FULL, rate:0, size:51
2026-03-20 09:52:55, EXEC, v:1, k:ed@apagando, mode:FULL, rate:0, size:51
2026-03-20 09:54:05, EXEC, v:1, k:ed@apagando, mode:FULL, rate:0, size:55
2026-03-20 09:54:51, EXEC, v:1, k:ed@apagando, mode:FULL, rate:0, size:55
2026-03-20 09:55:55, EXEC, v:1, k:ed@apagando, mode:FULL, rate:0, size:55
2026-03-20 09:56:38, MOVE, v:1, k:ed@apagando, mode:PICK
2026-03-20 09:57:29, EXEC, v:1, k:ed@apagando, mode:FULL, rate:0, size:55
2026-03-20 09:59:33, EXEC, v:1, k:ed@apagando, mode:FULL, rate:0, size:61
2026-03-20 10:00:18, EXEC, v:1, k:ed@apagando, mode:FULL, rate:0, size:61
2026-03-20 10:00:47, EXEC, v:1, k:ed@apagando, mode:FULL, rate:0, size:64
2026-03-20 10:01:20, EXEC, v:1, k:ed@apagando, mode:FULL, rate:0, size:64
2026-03-20 10:06:07, EXEC, v:1, k:ed@apagando, mode:FULL, rate:0, size:69
2026-03-20 10:08:00, EXEC, v:1, k:ed@apagando, mode:FULL, rate:0, size:69
2026-03-20 10:26:50, EXEC, v:1, k:ed@apagando, mode:FULL, rate:0, size:69
2026-03-20 10:28:54, EXEC, v:1, k:ed@apagando, mode:FULL, rate:0, size:69
2026-03-20 10:30:55, EXEC, v:1, k:ed@apagando, mode:FULL, rate:0, size:69
2026-03-20 10:31:37, EXEC, v:1, k:ed@apagando, mode:FULL, size:70, fail:COMP
2026-03-20 10:31:52, EXEC, v:1, k:ed@apagando, mode:FULL, rate:0, size:71
2026-03-20 10:32:06, EXEC, v:1, k:ed@apagando, mode:FULL, rate:0, size:71
2026-03-20 10:32:49, EXEC, v:1, k:ed@apagando, mode:FULL, rate:0, size:69
2026-03-20 10:33:28, EXEC, v:1, k:ed@apagando, mode:FULL, rate:0, size:70
2026-03-20 10:33:37, EXEC, v:1, k:ed@apagando, mode:FULL, rate:0, size:70
2026-03-20 10:34:00, MOVE, v:1, k:ed@apagando, mode:BACK
2026-03-20 10:34:17, MOVE, v:1, k:ed@manipulacao, mode:DOWN
2026-03-20 10:34:19, MOVE, v:1, k:ed@manipulacao, mode:PICK
2026-03-20 10:35:52, MOVE, v:1, k:ed@manipulacao, mode:BACK
2026-03-20 10:36:09, MOVE, v:1, k:ed@buscas, mode:DOWN
2026-03-20 10:36:43, MOVE, v:1, k:ed@buscas, mode:PICK
2026-03-20 10:55:39, EXEC, v:1, k:ed@buscas, mode:FULL, rate:0, size:17
2026-03-20 11:00:53, EXEC, v:1, k:ed@buscas, mode:FULL, rate:0, size:17
2026-03-20 11:05:29, EXEC, v:1, k:ed@buscas, mode:FULL, rate:77, size:34
2026-03-20 11:05:59, EXEC, v:1, k:ed@buscas, mode:FULL, rate:0, size:34
2026-03-20 11:06:27, EXEC, v:1, k:ed@buscas, mode:FULL, rate:0, size:34
2026-03-20 11:07:09, EXEC, v:1, k:ed@buscas, mode:FULL, size:34, fail:COMP
2026-03-20 11:07:27, EXEC, v:1, k:ed@buscas, mode:FULL, fail:COMP
2026-03-20 11:08:16, EXEC, v:1, k:ed@buscas, mode:FULL, rate:0, size:34
2026-03-20 11:09:05, MOVE, v:1, k:ed@manipulacao, mode:PICK
2026-03-20 11:09:08, EXEC, v:1, k:ed@manipulacao, mode:FULL, rate:0, size:106
2026-03-20 11:09:26, MOVE, v:1, k:ed@manipulacao, mode:BACK
2026-03-20 11:09:47, MOVE, v:1, k:ed@buscas, mode:PICK
2026-03-20 11:09:50, EXEC, v:1, k:ed@buscas, mode:FULL, rate:0, size:34
2026-03-20 11:09:55, MOVE, v:1, k:ed@buscas, mode:BACK
2026-03-20 11:09:57, MOVE, v:1, k:ed@rotacoes, mode:DOWN
2026-03-20 11:09:58, MOVE, v:1, k:ed@rotacoes, mode:PICK
2026-03-20 11:10:20, MOVE, v:1, k:ed@rotacoes, mode:BACK
2026-03-20 11:10:25, MOVE, v:1, k:ed@rotacoes, mode:PICK
2026-03-20 11:13:35, MOVE, v:1, k:ed@rotacoes, mode:BACK
2026-03-20 11:14:06, MOVE, v:1, k:ed@manipulacao, mode:PICK
2026-03-20 11:14:19, MOVE, v:1, k:ed@manipulacao, mode:BACK
2026-03-20 11:14:38, MOVE, v:1, k:ed@especiais, mode:DOWN
2026-03-20 11:14:40, MOVE, v:1, k:ed@especiais, mode:PICK
2026-03-20 11:14:42, MOVE, v:1, k:ed@especiais, mode:BACK
2026-03-20 11:15:03, MOVE, v:1, k:ed@apagando, mode:PICK
2026-03-20 11:15:18, MOVE, v:1, k:ed@apagando, mode:BACK
2026-03-20 11:15:22, MOVE, v:1, k:ed@rotacoes, mode:PICK
2026-03-20 13:40:24, MOVE, v:1, k:ed@rotacoes, mode:PICK
2026-03-20 13:55:50, EXEC, v:1, k:ed@rotacoes, mode:FULL, rate:0, size:27
2026-03-20 13:56:29, EXEC, v:1, k:ed@rotacoes, mode:FULL, size:30, fail:COMP
2026-03-20 13:56:37, EXEC, v:1, k:ed@rotacoes, mode:FULL, rate:0, size:30
2026-03-20 13:57:30, EXEC, v:1, k:ed@rotacoes, mode:FULL, rate:0, size:28
2026-03-20 13:58:38, EXEC, v:1, k:ed@rotacoes, mode:FULL, size:27, fail:COMP
2026-03-20 13:59:04, EXEC, v:1, k:ed@rotacoes, mode:FULL, rate:0, size:26
2026-03-20 13:59:43, EXEC, v:1, k:ed@rotacoes, mode:FULL, rate:0, size:27
2026-03-20 14:00:30, EXEC, v:1, k:ed@rotacoes, mode:FULL, rate:0, size:27
2026-03-20 14:16:13, EXEC, v:1, k:ed@rotacoes, mode:FULL, rate:0, size:29
2026-03-20 14:16:31, EXEC, v:1, k:ed@rotacoes, mode:FULL, rate:0, size:29
2026-03-20 14:23:15, EXEC, v:1, k:ed@rotacoes, mode:FULL, rate:0, size:29
2026-03-20 14:24:06, EXEC, v:1, k:ed@rotacoes, mode:FULL, size:28, fail:COMP
2026-03-20 14:24:18, EXEC, v:1, k:ed@rotacoes, mode:FULL, rate:0, size:27
2026-03-20 14:24:35, EXEC, v:1, k:ed@rotacoes, mode:FULL, rate:0, size:27
2026-03-20 14:29:22, EXEC, v:1, k:ed@rotacoes, mode:FULL, rate:0, size:27
2026-03-20 14:29:38, EXEC, v:1, k:ed@rotacoes, mode:FULL, rate:0, size:27
2026-03-20 14:30:57, EXEC, v:1, k:ed@rotacoes, mode:FULL, size:29, fail:COMP
2026-03-20 14:31:03, EXEC, v:1, k:ed@rotacoes, mode:FULL, rate:0, size:30
2026-03-20 14:32:19, MOVE, v:1, k:ed@rotacoes, mode:PICK
2026-03-20 14:32:24, EXEC, v:1, k:ed@rotacoes, mode:FULL, rate:0, size:27
2026-03-20 14:34:28, EXEC, v:1, k:ed@rotacoes, mode:FULL, rate:0, size:27
2026-03-20 14:37:54, EXEC, v:1, k:ed@rotacoes, mode:FULL, size:35, fail:COMP
2026-03-20 14:38:22, EXEC, v:1, k:ed@rotacoes, mode:FULL, rate:0, size:35
2026-03-20 14:39:53, EXEC, v:1, k:ed@rotacoes, mode:FULL, rate:0, size:36
2026-03-20 14:40:06, EXEC, v:1, k:ed@rotacoes, mode:FULL, rate:0, size:36
2026-03-20 14:40:56, EXEC, v:1, k:ed@rotacoes, mode:FULL, rate:100, size:41
2026-03-20 14:42:58, EXEC, v:1, k:ed@rotacoes, mode:FULL, rate:0, size:42
2026-03-20 14:46:27, MOVE, v:1, k:ed@rotacoes, mode:PICK
2026-03-20 14:46:29, EXEC, v:1, k:ed@rotacoes, mode:FULL, rate:0, size:46
2026-03-20 14:47:25, EXEC, v:1, k:ed@rotacoes, mode:FULL, rate:0
2026-03-20 14:48:09, EXEC, v:1, k:ed@rotacoes, mode:FULL, size:48, fail:COMP
2026-03-20 14:48:30, EXEC, v:1, k:ed@rotacoes, mode:FULL, size:46, fail:COMP
2026-03-20 14:48:48, EXEC, v:1, k:ed@rotacoes, mode:FULL, rate:100, size:42
2026-03-20 14:49:22, MOVE, v:1, k:ed@rotacoes, mode:BACK
2026-03-20 14:49:26, MOVE, v:1, k:ed@rotacoes, mode:PICK
2026-03-20 14:49:37, MOVE, v:1, k:ed@rotacoes, mode:BACK
2026-03-20 14:49:45, MOVE, v:1, k:ed@rotacoes, mode:PICK
2026-03-20 14:50:35, SELF, v:1, k:ed@rotacoes, self:1, rate:100, study:61, friend:nao, code:1
2026-03-20 14:50:39, MOVE, v:1, k:ed@rotacoes, mode:BACK
2026-03-20 14:51:18, MOVE, v:1, k:ed@alternando, mode:DOWN
2026-03-20 14:51:21, MOVE, v:1, k:ed@alternando, mode:PICK
2026-03-20 14:51:27, MOVE, v:1, k:ed@alternando, mode:BACK
2026-03-20 14:51:29, MOVE, v:1, k:ed@alternando, mode:PICK
