2026-03-14 21:55:52, MOVE, v:1, k:ed@mumia, mode:PICK
2026-03-14 21:56:17, EXEC, v:1, k:ed@mumia, mode:FULL, size:29, fail:COMP
2026-03-14 21:56:20, EXEC, v:1, k:ed@mumia, mode:FREE
2026-03-14 21:58:20, EXEC, v:1, k:ed@mumia, mode:FULL, size:29, fail:COMP
2026-03-14 22:02:04, EXEC, v:1, k:ed@mumia, mode:FULL, size:29, fail:COMP
2026-03-14 22:03:37, EXEC, v:1, k:ed@mumia, mode:FULL, size:29, fail:COMP
2026-03-14 22:03:52, EXEC, v:1, k:ed@mumia, mode:FULL, rate:44, size:29
2026-03-14 22:04:26, EXEC, v:1, k:ed@mumia, mode:FULL, rate:100, size:29
2026-03-14 22:05:21, MOVE, v:1, k:ed@mumia, mode:BACK
2026-03-14 22:08:38, MOVE, v:1, k:ed@pintando, mode:PICK
2026-03-14 22:08:41, EXEC, v:1, k:ed@pintando, mode:FULL, rate:100
2026-03-14 22:08:50, MOVE, v:1, k:ed@pintando, mode:BACK
2026-03-14 22:09:10, MOVE, v:1, k:ed@fuga, mode:DOWN
2026-03-14 22:09:11, MOVE, v:1, k:ed@fuga, mode:PICK
2026-03-14 22:21:00, EXEC, v:1, k:ed@fuga, mode:FULL, rate:20, size:24
2026-03-14 22:25:53, EXEC, v:1, k:ed@fuga, mode:FULL, rate:10, size:40
2026-03-14 22:29:14, EXEC, v:1, k:ed@fuga, mode:FULL, rate:40, size:40
2026-03-14 22:30:38, EXEC, v:1, k:ed@fuga, mode:FULL, rate:70, size:40
2026-03-14 22:31:24, EXEC, v:1, k:ed@fuga, mode:FULL, rate:90, size:40
2026-03-14 22:34:32, EXEC, v:1, k:ed@fuga, mode:FULL, rate:90, size:40
2026-03-14 22:35:24, EXEC, v:1, k:ed@fuga, mode:FULL, rate:90, size:40
2026-03-14 22:39:43, EXEC, v:1, k:ed@fuga, mode:FULL, rate:100, size:44
2026-03-14 22:40:08, MOVE, v:1, k:ed@fuga, mode:BACK
2026-03-14 22:40:13, MOVE, v:1, k:ed@pedra, mode:PICK
2026-03-14 23:28:12, EXEC, v:1, k:ed@pedra, mode:FULL, size:48, fail:COMP
2026-03-14 23:30:19, EXEC, v:1, k:ed@pedra, mode:FULL, size:50, fail:COMP
2026-03-14 23:31:22, EXEC, v:1, k:ed@pedra, mode:FULL, size:48, fail:COMP
2026-03-14 23:36:03, EXEC, v:1, k:ed@pedra, mode:FULL, size:49, fail:COMP
2026-03-14 23:37:59, EXEC, v:1, k:ed@pedra, mode:FULL, size:50, fail:COMP
2026-03-14 23:38:44, EXEC, v:1, k:ed@pedra, mode:FULL, size:51, fail:COMP
2026-03-14 23:39:15, EXEC, v:1, k:ed@pedra, mode:FULL, size:50, fail:COMP
