2026-05-31 18:57:19, MOVE, v:1, k:ed@alternando, mode:EDIT
2026-05-31 18:58:18, MOVE, v:1, k:ed@alternando, mode:PICK
2026-05-31 18:58:21, EXEC, v:1, k:ed@alternando, mode:FULL, rate:0, size:67
2026-05-31 19:00:38, EXEC, v:1, k:ed@alternando, mode:FULL, rate:30, size:67
2026-05-31 19:02:26, MOVE, v:1, k:ed@alternando, mode:EDIT
2026-05-31 19:00:38, MOVE, v:1, k:ed@alternando, mode:EDIT
2026-05-31 19:02:32, EXEC, v:1, k:ed@alternando, mode:FULL, rate:38, size:71
2026-05-31 19:04:03, EXEC, v:1, k:ed@alternando, mode:FULL, rate:0, size:74
2026-05-31 19:04:52, EXEC, v:1, k:ed@alternando, mode:FULL, rate:23, size:79
2026-05-31 19:04:51, MOVE, v:1, k:ed@alternando, mode:EDIT
2026-05-31 19:04:52, MOVE, v:1, k:ed@alternando, mode:EDIT
2026-05-31 19:08:11, EXEC, v:1, k:ed@alternando, mode:FULL, rate:69, size:80
2026-05-31 19:09:38, EXEC, v:1, k:ed@alternando, mode:FULL, rate:100, size:84
2026-05-31 19:09:40, MOVE, v:1, k:ed@alternando, mode:BACK
2026-05-31 19:10:22, SELF, v:1, k:ed@alternando, self:1, rate:100, study:45, concept:1
2026-05-31 19:10:38, MOVE, v:1, k:ed@buscas, mode:PICK
2026-05-31 19:10:40, EXEC, v:1, k:ed@buscas, mode:FULL, rate:0
2026-05-31 19:09:37, MOVE, v:1, k:ed@alternando, mode:EDIT
2026-05-31 19:09:38, MOVE, v:1, k:ed@alternando, mode:EDIT
2026-05-31 19:10:40, MOVE, v:1, k:ed@buscas, mode:EDIT
2026-05-31 19:20:26, EXEC, v:1, k:ed@buscas, mode:FULL, rate:0, size:34
2026-05-31 19:20:51, MOVE, v:1, k:ed@buscas, mode:EDIT
2026-05-31 19:20:26, MOVE, v:1, k:ed@buscas, mode:EDIT
2026-05-31 19:24:31, EXEC, v:1, k:ed@buscas, mode:FULL, rate:0, size:34
2026-05-31 19:24:41, EXEC, v:1, k:ed@buscas, mode:FULL, rate:0, size:34
2026-05-31 19:25:04, MOVE, v:1, k:ed@buscas, mode:BACK
2026-05-31 19:24:49, MOVE, v:1, k:ed@buscas, mode:EDIT
2026-05-31 19:24:41, MOVE, v:1, k:ed@buscas, mode:EDIT
2026-05-31 19:38:11, MOVE, v:1, k:ed@magicsearch, mode:PICK
2026-05-31 19:38:51, EXEC, v:1, k:ed@magicsearch, mode:FULL, rate:30
2026-05-31 19:42:25, EXEC, v:1, k:ed@magicsearch, mode:FULL, rate:100, size:45
2026-05-31 19:42:25, MOVE, v:1, k:ed@magicsearch, mode:EDIT
2026-05-31 19:42:25, MOVE, v:1, k:ed@magicsearch, mode:EDIT
2026-05-31 19:46:35, EXEC, v:1, k:ed@magicsearch, mode:FULL, rate:100, size:45
2026-05-31 19:46:33, MOVE, v:1, k:ed@magicsearch, mode:EDIT
2026-05-31 19:46:35, MOVE, v:1, k:ed@magicsearch, mode:EDIT
2026-05-31 19:50:33, MOVE, v:1, k:ed@magicsearch, mode:BACK
2026-05-31 19:49:02, MOVE, v:1, k:ed@magicsearch, mode:EDIT
