2026-06-02 00:02:20, EXEC, v:1, k:ed@iterador, mode:FULL, size:93, fail:COMP
2026-06-02 00:02:21, EXEC, v:1, k:ed@iterador, mode:FULL, fail:COMP
2026-06-02 00:02:26, MOVE, v:1, k:ed@iterador, mode:EDIT
2026-06-02 00:06:41, EXEC, v:1, k:ed@iterador, mode:FULL, rate:66, size:99
2026-06-02 00:06:55, MOVE, v:1, k:ed@iterador, mode:BACK
2026-06-02 00:07:32, MOVE, v:1, k:ed@multiset, mode:PICK
2026-06-02 00:07:56, MOVE, v:1, k:ed@multiset, mode:BACK
2026-06-02 00:07:54, MOVE, v:1, k:ed@iterador, mode:EDIT
2026-06-02 00:06:41, MOVE, v:1, k:ed@iterador, mode:EDIT
2026-06-02 00:08:46, MOVE, v:1, k:ed@magicsearch, mode:EDIT
2026-06-02 00:12:45, MOVE, v:1, k:ed@iterador, mode:PICK
2026-06-02 00:12:47, EXEC, v:1, k:ed@iterador, mode:FULL, rate:66, size:99
2026-06-02 00:12:47, MOVE, v:1, k:ed@iterador, mode:EDIT
2026-06-02 00:14:56, MOVE, v:1, k:ed@iterador, mode:EDIT
2026-06-02 00:24:16, EXEC, v:1, k:ed@iterador, mode:FULL, size:116, fail:COMP
2026-06-02 00:24:18, EXEC, v:1, k:ed@iterador, mode:FULL, fail:COMP
2026-06-02 00:24:44, EXEC, v:1, k:ed@iterador, mode:FULL, rate:100, size:113
2026-06-02 00:26:02, MOVE, v:1, k:ed@iterador, mode:EDIT
2026-06-02 00:24:44, MOVE, v:1, k:ed@iterador, mode:EDIT
2026-06-02 00:26:58, MOVE, v:1, k:ed@iterador, mode:BACK
2026-06-02 00:27:28, SELF, v:1, k:ed@iterador, self:1, rate:100, study:50, concept:1, refactor:1
2026-06-02 00:26:53, MOVE, v:1, k:ed@iterador, mode:EDIT
2026-06-02 17:20:32, SELF, v:1, k:ed@baruel, self:1, rate:100, study:150, refactor:1
2026-06-02 17:24:00, MOVE, v:1, k:ed@distancia, mode:PICK
2026-06-02 17:24:03, EXEC, v:1, k:ed@distancia, mode:FULL, fail:COMP
2026-06-02 17:28:39, MOVE, v:1, k:ed@distancia, mode:BACK
2026-06-02 17:29:03, MOVE, v:1, k:ed@wordsearch, mode:PICK
2026-06-02 17:29:04, EXEC, v:1, k:ed@wordsearch, mode:FULL, size:68, fail:COMP
2026-06-02 17:29:07, MOVE, v:1, k:ed@wordsearch, mode:BACK
2026-06-02 17:38:24, MOVE, v:1, k:ed@subset_sum, mode:PICK
2026-06-02 17:43:40, MOVE, v:1, k:ed@buscas, mode:PICK
2026-06-02 17:43:41, EXEC, v:1, k:ed@buscas, mode:FULL, rate:0, size:34
2026-06-02 17:44:58, MOVE, v:1, k:ed@buscas, mode:BACK
2026-06-02 17:45:38, MOVE, v:1, k:ed@wordsearch, mode:PICK
2026-06-02 17:45:39, EXEC, v:1, k:ed@wordsearch, mode:FULL, fail:COMP
2026-06-02 17:45:41, MOVE, v:1, k:ed@wordsearch, mode:BACK
2026-06-02 17:45:59, MOVE, v:1, k:ed@wordsearch, mode:PICK
2026-06-02 17:46:04, MOVE, v:1, k:ed@wordsearch, mode:BACK
2026-06-02 17:47:43, MOVE, v:1, k:ed@subset_sum, mode:PICK
2026-06-02 17:47:44, EXEC, v:1, k:ed@subset_sum, mode:FULL, rate:0, size:5
2026-06-02 17:43:41, MOVE, v:1, k:ed@buscas, mode:EDIT
2026-06-02 17:47:44, MOVE, v:1, k:ed@subset_sum, mode:EDIT
2026-06-02 17:52:57, MOVE, v:1, k:ed@subset_sum, mode:EDIT
2026-06-02 17:54:39, EXEC, v:1, k:ed@subset_sum, mode:FULL, rate:0, size:12
2026-06-02 17:56:04, EXEC, v:1, k:ed@subset_sum, mode:FULL, rate:0, size:12
2026-06-02 17:56:50, MOVE, v:1, k:ed@subset_sum, mode:EDIT
2026-06-02 17:56:00, MOVE, v:1, k:ed@subset_sum, mode:EDIT
