2026-06-07 10:07:40, MOVE, v:1, k:ed@distancia, mode:PICK
2026-06-07 10:07:41, EXEC, v:1, k:ed@distancia, mode:FULL, fail:COMP
2026-06-07 10:09:43, MOVE, v:1, k:ed@distancia, mode:BACK
2026-06-07 10:09:23, MOVE, v:1, k:ed@distancia, mode:EDIT
2026-06-07 10:30:34, MOVE, v:1, k:ed@distancia, mode:EDIT
2026-06-07 10:35:28, MOVE, v:1, k:ed@distancia, mode:EDIT
2026-06-07 10:43:20, MOVE, v:1, k:ed@distancia, mode:PICK
2026-06-07 10:43:24, EXEC, v:1, k:ed@distancia, mode:FULL, rate:0, size:58
2026-06-07 10:44:07, MOVE, v:1, k:ed@distancia, mode:EDIT
2026-06-07 10:43:24, MOVE, v:1, k:ed@distancia, mode:EDIT
2026-06-07 10:49:41, MOVE, v:1, k:ed@distancia, mode:BACK
2026-06-07 10:52:42, MOVE, v:1, k:ed@distancia, mode:EDIT
2026-06-07 10:57:46, MOVE, v:1, k:ed@distancia, mode:EDIT
2026-06-07 11:00:38, MOVE, v:1, k:ed@distancia, mode:PICK
2026-06-07 11:00:39, EXEC, v:1, k:ed@distancia, mode:FULL, rate:0, size:98
2026-06-07 11:01:25, EXEC, v:1, k:ed@distancia, mode:FULL, rate:0, size:97
2026-06-07 11:02:46, EXEC, v:1, k:ed@distancia, mode:FULL, rate:100, size:69
2026-06-07 11:02:50, MOVE, v:1, k:ed@distancia, mode:EDIT
2026-06-07 11:02:45, MOVE, v:1, k:ed@distancia, mode:EDIT
2026-06-07 11:03:25, EXEC, v:1, k:ed@distancia, mode:FULL, rate:0, size:49
2026-06-07 11:06:24, EXEC, v:1, k:ed@distancia, mode:FULL, rate:0, size:52
2026-06-07 11:07:00, EXEC, v:1, k:ed@distancia, mode:FULL, rate:0, size:52
2026-06-07 11:06:32, MOVE, v:1, k:ed@distancia, mode:EDIT
2026-06-07 11:06:59, MOVE, v:1, k:ed@distancia, mode:EDIT
2026-06-07 11:07:55, EXEC, v:1, k:ed@distancia, mode:FULL, rate:100, size:52
2026-06-07 11:07:59, MOVE, v:1, k:ed@distancia, mode:BACK
