2026-06-27 22:47:55, MOVE, v:1, k:ed@serial, mode:PICK
2026-06-27 22:48:05, EXEC, v:1, k:ed@serial, mode:FULL, rate:0, size:66
2026-06-27 22:48:09, MOVE, v:1, k:ed@serial, mode:BACK
2026-06-27 22:48:04, MOVE, v:1, k:ed@serial, mode:EDIT
2026-06-27 23:02:19, MOVE, v:1, k:ed@serial, mode:EDIT
2026-06-27 23:03:45, MOVE, v:1, k:ed@serial, mode:PICK
2026-06-27 23:03:52, EXEC, v:1, k:ed@serial, mode:FULL, size:75, fail:COMP
2026-06-27 23:05:55, EXEC, v:1, k:ed@serial, mode:FULL, size:80, fail:COMP
2026-06-27 23:07:02, EXEC, v:1, k:ed@serial, mode:FULL, size:80, fail:COMP
2026-06-27 23:07:01, MOVE, v:1, k:ed@serial, mode:EDIT
2026-06-27 23:07:44, EXEC, v:1, k:ed@serial, mode:FULL, size:80, fail:COMP
2026-06-27 23:08:28, EXEC, v:1, k:ed@serial, mode:FULL, size:80, fail:COMP
2026-06-27 23:08:57, EXEC, v:1, k:ed@serial, mode:FULL, rate:0, size:80
2026-06-27 23:11:05, EXEC, v:1, k:ed@serial, mode:FULL, rate:0, size:78
2026-06-27 23:11:44, EXEC, v:1, k:ed@serial, mode:FULL, rate:100, size:78
2026-06-27 23:11:49, MOVE, v:1, k:ed@serial, mode:BACK
2026-06-27 23:12:18, SELF, v:1, k:ed@serial, self:1, rate:100, study:25, concept:1, refactor:1
2026-06-27 23:15:31, SELF, v:1, k:ed@serial, self:1, rate:100, study:25, concept:1, refactor:1
2026-06-27 23:15:39, MOVE, v:1, k:ed@formatada, mode:DOWN
2026-06-27 23:15:47, MOVE, v:1, k:ed@formatada, mode:PICK
2026-06-27 23:15:50, EXEC, v:1, k:ed@formatada, mode:FULL, rate:0, size:72
2026-06-27 23:15:54, MOVE, v:1, k:ed@formatada, mode:BACK
2026-06-27 23:15:38, MOVE, v:1, k:ed@formatada, mode:EDIT
2026-06-27 23:15:39, MOVE, v:1, k:ed@formatada, mode:EDIT
2026-06-27 23:15:50, MOVE, v:1, k:ed@formatada, mode:EDIT
2026-06-27 23:25:15, MOVE, v:1, k:ed@formatada, mode:EDIT
2026-06-27 23:30:03, MOVE, v:1, k:ed@formatada, mode:PICK
2026-06-27 23:30:08, EXEC, v:1, k:ed@formatada, mode:FULL, rate:28, size:100
2026-06-27 23:29:47, MOVE, v:1, k:ed@formatada, mode:EDIT
2026-06-27 23:30:04, MOVE, v:1, k:ed@formatada, mode:EDIT
