2026-04-19 10:42:56, MOVE, v:1, k:ed@wordsearch, mode:DOWN
2026-04-19 10:42:58, MOVE, v:1, k:ed@subset_sum, mode:DOWN
2026-04-19 10:43:01, MOVE, v:1, k:ed@distancia, mode:DOWN
2026-04-19 10:42:56, MOVE, v:1, k:ed@wordsearch, mode:EDIT
2026-04-19 10:42:56, MOVE, v:1, k:ed@wordsearch, mode:EDIT
2026-04-19 10:42:56, MOVE, v:1, k:ed@wordsearch, mode:EDIT
2026-04-19 10:42:56, MOVE, v:1, k:ed@wordsearch, mode:EDIT
2026-04-19 10:42:58, MOVE, v:1, k:ed@subset_sum, mode:EDIT
2026-04-19 10:42:58, MOVE, v:1, k:ed@subset_sum, mode:EDIT
2026-04-19 10:43:01, MOVE, v:1, k:ed@distancia, mode:EDIT
2026-04-19 10:43:01, MOVE, v:1, k:ed@distancia, mode:EDIT
2026-04-19 10:43:01, MOVE, v:1, k:ed@distancia, mode:EDIT
2026-04-19 10:45:12, MOVE, v:1, k:ed@wordsearch, mode:PICK
2026-04-19 10:45:16, EXEC, v:1, k:ed@wordsearch, mode:FULL, rate:25, size:62
2026-04-19 10:45:16, MOVE, v:1, k:ed@wordsearch, mode:EDIT
2026-04-19 10:46:20, MOVE, v:1, k:ed@wordsearch, mode:EDIT
2026-04-19 10:59:25, MOVE, v:1, k:ed@wordsearch, mode:EDIT
2026-04-19 11:01:55, MOVE, v:1, k:ed@wordsearch, mode:EDIT
2026-04-19 11:04:58, MOVE, v:1, k:ed@wordsearch, mode:BACK
2026-04-19 11:05:16, MOVE, v:1, k:ed@vetbuild, mode:DOWN
2026-04-19 11:05:19, MOVE, v:1, k:ed@setbuild, mode:DOWN
2026-04-19 11:05:21, MOVE, v:1, k:ed@bettersearch, mode:DOWN
2026-04-19 11:05:23, MOVE, v:1, k:ed@multiset, mode:DOWN
2026-04-19 11:05:28, MOVE, v:1, k:ed@vetbuild, mode:PICK
2026-04-19 11:05:37, EXEC, v:1, k:ed@vetbuild, mode:FULL, size:130, fail:COMP
2026-04-19 11:05:16, MOVE, v:1, k:ed@vetbuild, mode:EDIT
2026-04-19 11:05:16, MOVE, v:1, k:ed@vetbuild, mode:EDIT
2026-04-19 11:05:16, MOVE, v:1, k:ed@vetbuild, mode:EDIT
2026-04-19 11:05:16, MOVE, v:1, k:ed@vetbuild, mode:EDIT
2026-04-19 11:05:19, MOVE, v:1, k:ed@setbuild, mode:EDIT
2026-04-19 11:05:19, MOVE, v:1, k:ed@setbuild, mode:EDIT
2026-04-19 11:05:19, MOVE, v:1, k:ed@setbuild, mode:EDIT
2026-04-19 11:05:19, MOVE, v:1, k:ed@setbuild, mode:EDIT
2026-04-19 11:05:21, MOVE, v:1, k:ed@bettersearch, mode:EDIT
2026-04-19 11:05:21, MOVE, v:1, k:ed@bettersearch, mode:EDIT
2026-04-19 11:05:23, MOVE, v:1, k:ed@multiset, mode:EDIT
2026-04-19 11:05:23, MOVE, v:1, k:ed@multiset, mode:EDIT
2026-04-19 11:05:23, MOVE, v:1, k:ed@multiset, mode:EDIT
2026-04-19 11:05:23, MOVE, v:1, k:ed@multiset, mode:EDIT
2026-04-19 11:10:36, EXEC, v:1, k:ed@vetbuild, mode:FULL, size:130, fail:COMP
2026-04-19 11:10:54, EXEC, v:1, k:ed@vetbuild, mode:FULL, size:130, fail:COMP
2026-04-19 11:10:54, MOVE, v:1, k:ed@vetbuild, mode:EDIT
2026-04-19 11:17:43, MOVE, v:1, k:ed@vetbuild, mode:EDIT
2026-04-19 11:20:08, EXEC, v:1, k:ed@vetbuild, mode:FULL, size:265, fail:COMP
2026-04-19 11:20:50, EXEC, v:1, k:ed@vetbuild, mode:FULL, size:265, fail:COMP
2026-04-19 11:21:17, EXEC, v:1, k:ed@vetbuild, mode:FULL, size:130, fail:COMP
2026-04-19 11:22:29, EXEC, v:1, k:ed@vetbuild, mode:FULL, rate:0, size:265
2026-04-19 11:22:27, MOVE, v:1, k:ed@vetbuild, mode:EDIT
2026-04-19 11:22:29, MOVE, v:1, k:ed@vetbuild, mode:EDIT
2026-04-19 11:28:23, EXEC, v:1, k:ed@vetbuild, mode:FULL, rate:0, size:278
2026-04-19 11:28:53, MOVE, v:1, k:ed@vetbuild, mode:EDIT
2026-04-19 11:28:23, MOVE, v:1, k:ed@vetbuild, mode:EDIT
2026-04-19 11:32:08, EXEC, v:1, k:ed@vetbuild, mode:FULL, rate:0
2026-04-19 11:33:53, EXEC, v:1, k:ed@vetbuild, mode:FULL, rate:0, size:277
2026-04-19 11:33:51, MOVE, v:1, k:ed@vetbuild, mode:EDIT
2026-04-19 11:33:53, MOVE, v:1, k:ed@vetbuild, mode:EDIT
2026-04-19 11:34:33, EXEC, v:1, k:ed@vetbuild, mode:FULL, rate:18, size:277
2026-04-19 11:34:48, EXEC, v:1, k:ed@vetbuild, mode:FULL, rate:0, size:277
2026-04-19 11:35:57, MOVE, v:1, k:ed@vetbuild, mode:BACK
2026-04-19 11:36:31, MOVE, v:1, k:ed@vetbuild, mode:PICK
2026-04-19 11:37:00, EXEC, v:1, k:ed@vetbuild, mode:FULL, rate:18, size:277
2026-04-19 11:38:43, MOVE, v:1, k:ed@vetbuild, mode:BACK
2026-04-19 11:39:00, MOVE, v:1, k:ed@vetbuild, mode:PICK
2026-04-19 11:39:01, EXEC, v:1, k:ed@vetbuild, mode:FULL, rate:18, size:277
2026-04-19 11:39:06, EXEC, v:1, k:ed@vetbuild, mode:FULL, rate:27, size:277
2026-04-19 11:40:00, EXEC, v:1, k:ed@vetbuild, mode:FULL, rate:27, size:277
2026-04-19 11:40:46, EXEC, v:1, k:ed@vetbuild, mode:FULL, rate:36, size:277
2026-04-19 11:41:37, MOVE, v:1, k:ed@vetbuild, mode:BACK
2026-04-19 17:49:25, MOVE, v:1, k:ed@vetbuild, mode:PICK
2026-04-19 17:49:28, EXEC, v:1, k:ed@vetbuild, mode:FULL, rate:36
2026-04-19 17:50:40, EXEC, v:1, k:ed@vetbuild, mode:FULL, size:277, fail:COMP
2026-04-19 17:51:58, EXEC, v:1, k:ed@vetbuild, mode:FULL, rate:54, size:277
2026-04-19 17:52:58, MOVE, v:1, k:ed@vetbuild, mode:BACK
2026-04-19 17:53:15, MOVE, v:1, k:ed@vetbuild, mode:PICK
2026-04-19 17:53:35, EXEC, v:1, k:ed@vetbuild, mode:FULL, rate:63, size:277
2026-04-19 17:57:33, EXEC, v:1, k:ed@vetbuild, mode:FULL, rate:63
2026-04-19 17:57:48, EXEC, v:1, k:ed@vetbuild, mode:FULL, rate:63, size:277
2026-04-19 17:58:12, MOVE, v:1, k:ed@vetbuild, mode:EDIT
2026-04-19 17:57:48, MOVE, v:1, k:ed@vetbuild, mode:EDIT
2026-04-19 17:58:17, EXEC, v:1, k:ed@vetbuild, mode:FULL, rate:63, size:277
2026-04-19 17:58:32, EXEC, v:1, k:ed@vetbuild, mode:FULL, rate:63, size:277
2026-04-19 17:58:50, EXEC, v:1, k:ed@vetbuild, mode:FULL, rate:72, size:277
2026-04-19 17:58:50, MOVE, v:1, k:ed@vetbuild, mode:EDIT
2026-04-19 17:58:50, MOVE, v:1, k:ed@vetbuild, mode:EDIT
2026-04-19 18:04:57, EXEC, v:1, k:ed@vetbuild, mode:FULL, rate:72, size:277
2026-04-19 18:05:17, EXEC, v:1, k:ed@vetbuild, mode:FULL, rate:81, size:277
2026-04-19 18:05:15, MOVE, v:1, k:ed@vetbuild, mode:EDIT
2026-04-19 18:05:17, MOVE, v:1, k:ed@vetbuild, mode:EDIT
2026-04-19 18:10:25, EXEC, v:1, k:ed@vetbuild, mode:FULL, rate:81, size:277
2026-04-19 18:10:43, EXEC, v:1, k:ed@vetbuild, mode:FULL, size:277, fail:COMP
2026-04-19 18:10:59, EXEC, v:1, k:ed@vetbuild, mode:FULL, size:277, fail:COMP
2026-04-19 18:11:05, EXEC, v:1, k:ed@vetbuild, mode:FULL, rate:81, size:277
2026-04-19 18:12:48, EXEC, v:1, k:ed@vetbuild, mode:FULL, rate:81, size:277
2026-04-19 18:12:58, MOVE, v:1, k:ed@vetbuild, mode:EDIT
2026-04-19 18:12:48, MOVE, v:1, k:ed@vetbuild, mode:EDIT
2026-04-19 18:13:44, EXEC, v:1, k:ed@vetbuild, mode:FULL, rate:81, size:277
2026-04-19 18:14:12, EXEC, v:1, k:ed@vetbuild, mode:FULL, size:277, fail:COMP
2026-04-19 18:15:00, EXEC, v:1, k:ed@vetbuild, mode:FULL, rate:81, size:277
2026-04-19 18:18:12, MOVE, v:1, k:ed@vetbuild, mode:EDIT
2026-04-19 18:15:00, MOVE, v:1, k:ed@vetbuild, mode:EDIT
2026-04-19 18:19:15, EXEC, v:1, k:ed@vetbuild, mode:FULL, size:277, fail:COMP
2026-04-19 18:19:27, EXEC, v:1, k:ed@vetbuild, mode:FULL, size:277, fail:COMP
2026-04-19 18:20:03, EXEC, v:1, k:ed@vetbuild, mode:FULL, size:277, fail:COMP
2026-04-19 18:20:39, EXEC, v:1, k:ed@vetbuild, mode:FULL, size:277, fail:COMP
2026-04-19 18:20:52, EXEC, v:1, k:ed@vetbuild, mode:FULL, size:277, fail:COMP
2026-04-19 18:20:52, MOVE, v:1, k:ed@vetbuild, mode:EDIT
2026-04-19 18:23:43, EXEC, v:1, k:ed@vetbuild, mode:FULL, size:278, fail:COMP
2026-04-19 18:24:18, EXEC, v:1, k:ed@vetbuild, mode:FULL, size:278, fail:COMP
2026-04-19 18:25:30, EXEC, v:1, k:ed@vetbuild, mode:FULL, size:278, fail:COMP
2026-04-19 18:26:52, EXEC, v:1, k:ed@vetbuild, mode:FULL, size:278, fail:COMP
2026-04-19 18:27:31, MOVE, v:1, k:ed@vetbuild, mode:EDIT
2026-04-19 18:29:08, EXEC, v:1, k:ed@vetbuild, mode:FULL, rate:90, size:277
2026-04-19 18:32:50, MOVE, v:1, k:ed@vetbuild, mode:EDIT
2026-04-19 18:29:08, MOVE, v:1, k:ed@vetbuild, mode:EDIT
2026-04-19 18:35:00, EXEC, v:1, k:ed@vetbuild, mode:FULL, size:282, fail:COMP
2026-04-19 18:35:31, EXEC, v:1, k:ed@vetbuild, mode:FULL, size:284, fail:COMP
2026-04-19 18:35:52, EXEC, v:1, k:ed@vetbuild, mode:FULL, size:283, fail:COMP
2026-04-19 18:37:24, EXEC, v:1, k:ed@vetbuild, mode:FULL, rate:100, size:280
2026-04-19 18:37:23, MOVE, v:1, k:ed@vetbuild, mode:EDIT
2026-04-19 18:37:24, MOVE, v:1, k:ed@vetbuild, mode:EDIT
2026-04-19 18:38:44, MOVE, v:1, k:ed@vetbuild, mode:BACK
2026-04-19 18:39:15, MOVE, v:1, k:ed@vetbuild, mode:PICK
