2026-05-03 09:37:28, MOVE, v:1, k:ed@lista_d1, mode:EDIT
2026-05-03 09:52:43, MOVE, v:1, k:ed@lista_d1, mode:EDIT
2026-05-03 09:57:04, MOVE, v:1, k:ed@lista_d2, mode:PICK
2026-05-03 09:57:06, EXEC, v:1, k:ed@lista_d2, mode:FULL, rate:20
2026-05-03 09:57:41, EXEC, v:1, k:ed@lista_d2, mode:FULL, rate:20
2026-05-03 09:58:25, MOVE, v:1, k:ed@lista_d1, mode:EDIT
2026-05-03 09:57:41, MOVE, v:1, k:ed@lista_d2, mode:EDIT
2026-05-03 09:59:21, EXEC, v:1, k:ed@lista_d2, mode:FULL, rate:20
2026-05-03 10:00:01, EXEC, v:1, k:ed@lista_d2, mode:FULL, rate:20
2026-05-03 10:01:45, MOVE, v:1, k:ed@lista_d1, mode:EDIT
2026-05-03 10:00:01, MOVE, v:1, k:ed@lista_d2, mode:EDIT
2026-05-03 10:07:55, MOVE, v:1, k:ed@lista_d1, mode:EDIT
2026-05-03 10:08:32, EXEC, v:1, k:ed@lista_d2, mode:FULL, rate:20
2026-05-03 10:11:00, EXEC, v:1, k:ed@lista_d2, mode:FULL, rate:20
2026-05-03 10:11:58, MOVE, v:1, k:ed@lista_d1, mode:EDIT
2026-05-03 10:11:00, MOVE, v:1, k:ed@lista_d2, mode:EDIT
2026-05-03 10:18:09, MOVE, v:1, k:ed@lista_d2, mode:EDIT
2026-05-03 10:17:44, MOVE, v:1, k:ed@lista_d1, mode:EDIT
2026-05-03 10:23:25, MOVE, v:1, k:ed@lista_d2, mode:EDIT
2026-05-03 10:24:50, EXEC, v:1, k:ed@lista_d2, mode:FULL, size:135, fail:COMP
2026-05-03 10:25:29, EXEC, v:1, k:ed@lista_d2, mode:FULL, size:135, fail:COMP
2026-05-03 10:27:27, EXEC, v:1, k:ed@lista_d2, mode:FULL, size:146, fail:COMP
2026-05-03 10:27:44, EXEC, v:1, k:ed@lista_d2, mode:FULL, size:146, fail:COMP
2026-05-03 10:27:51, EXEC, v:1, k:ed@lista_d2, mode:FULL, size:146, fail:COMP
2026-05-03 10:27:50, MOVE, v:1, k:ed@lista_d2, mode:EDIT
2026-05-03 10:31:42, EXEC, v:1, k:ed@lista_d2, mode:FULL, size:161, fail:COMP
2026-05-03 10:32:19, EXEC, v:1, k:ed@lista_d2, mode:FULL, rate:0, size:161
2026-05-03 10:32:18, MOVE, v:1, k:ed@lista_d2, mode:EDIT
2026-05-03 10:32:19, MOVE, v:1, k:ed@lista_d2, mode:EDIT
2026-05-03 10:36:59, MOVE, v:1, k:ed@lista_d2, mode:BACK
2026-05-03 10:37:25, MOVE, v:1, k:ed@lista_d2, mode:PICK
2026-05-03 10:37:26, EXEC, v:1, k:ed@lista_d2, mode:FULL, size:173, fail:COMP
2026-05-03 10:37:28, EXEC, v:1, k:ed@lista_d2, mode:FULL, fail:COMP
2026-05-03 10:37:31, MOVE, v:1, k:ed@lista_d2, mode:BACK
2026-05-03 10:37:33, MOVE, v:1, k:ed@lista_d2, mode:PICK
2026-05-03 10:37:33, EXEC, v:1, k:ed@lista_d2, mode:FULL, fail:COMP
2026-05-03 10:37:57, EXEC, v:1, k:ed@lista_d2, mode:FULL, rate:0, size:161
2026-05-03 10:38:24, EXEC, v:1, k:ed@lista_d2, mode:FULL, rate:0, size:162
2026-05-03 10:38:23, MOVE, v:1, k:ed@lista_d2, mode:EDIT
2026-05-03 10:38:24, MOVE, v:1, k:ed@lista_d2, mode:EDIT
2026-05-03 10:38:44, EXEC, v:1, k:ed@lista_d2, mode:FULL, size:173, fail:COMP
2026-05-03 10:38:50, EXEC, v:1, k:ed@lista_d2, mode:FULL, size:173, fail:COMP
2026-05-03 10:38:55, EXEC, v:1, k:ed@lista_d2, mode:FULL, rate:0, size:161
2026-05-03 10:43:24, MOVE, v:1, k:ed@lista_d2, mode:EDIT
2026-05-03 10:38:55, MOVE, v:1, k:ed@lista_d2, mode:EDIT
2026-05-03 10:43:31, EXEC, v:1, k:ed@lista_d2, mode:FULL, rate:20, size:161
2026-05-03 10:47:17, EXEC, v:1, k:ed@lista_d2, mode:FULL, size:161, fail:COMP
2026-05-03 10:47:48, EXEC, v:1, k:ed@lista_d2, mode:FULL, rate:20, size:161
2026-05-03 10:47:23, MOVE, v:1, k:ed@lista_d2, mode:EDIT
2026-05-03 10:47:48, MOVE, v:1, k:ed@lista_d2, mode:EDIT
2026-05-03 10:47:45, MOVE, v:1, k:ed@lista_d2, mode:EDIT
2026-05-03 10:48:32, EXEC, v:1, k:ed@lista_d2, mode:FULL, rate:20, size:161
2026-05-03 10:49:38, EXEC, v:1, k:ed@lista_d2, mode:FULL, rate:20, size:161
2026-05-03 10:49:57, EXEC, v:1, k:ed@lista_d2, mode:FULL, rate:20, size:161
2026-05-03 10:50:28, EXEC, v:1, k:ed@lista_d2, mode:FULL, rate:20, size:161
2026-05-03 10:50:24, MOVE, v:1, k:ed@lista_d2, mode:EDIT
2026-05-03 10:50:28, MOVE, v:1, k:ed@lista_d2, mode:EDIT
2026-05-03 10:54:45, EXEC, v:1, k:ed@lista_d2, mode:FULL, size:163, fail:COMP
2026-05-03 10:55:05, EXEC, v:1, k:ed@lista_d2, mode:FULL, rate:20, size:162
2026-05-03 10:57:12, EXEC, v:1, k:ed@lista_d2, mode:FULL, rate:20, size:161
2026-05-03 10:57:37, MOVE, v:1, k:ed@lista_d2, mode:EDIT
2026-05-03 10:57:12, MOVE, v:1, k:ed@lista_d2, mode:EDIT
2026-05-03 11:00:06, EXEC, v:1, k:ed@lista_d2, mode:FULL, rate:40, size:165
2026-05-03 11:01:33, EXEC, v:1, k:ed@lista_d2, mode:FULL, size:165, fail:COMP
2026-05-03 11:02:01, EXEC, v:1, k:ed@lista_d2, mode:FULL, size:173, fail:COMP
2026-05-03 11:02:19, EXEC, v:1, k:ed@lista_d2, mode:FULL, rate:60, size:173
2026-05-03 11:02:18, MOVE, v:1, k:ed@lista_d2, mode:EDIT
2026-05-03 11:02:19, MOVE, v:1, k:ed@lista_d2, mode:EDIT
2026-05-03 11:11:17, EXEC, v:1, k:ed@lista_d2, mode:FULL, size:183, fail:COMP
2026-05-03 11:11:50, EXEC, v:1, k:ed@lista_d2, mode:FULL, rate:60, size:183
2026-05-03 11:12:12, EXEC, v:1, k:ed@lista_d2, mode:FULL, rate:60
2026-05-03 11:13:07, EXEC, v:1, k:ed@lista_d2, mode:FULL, rate:60, size:184
2026-05-03 11:13:07, MOVE, v:1, k:ed@lista_d2, mode:EDIT
2026-05-03 11:13:07, MOVE, v:1, k:ed@lista_d2, mode:EDIT
2026-05-03 11:15:09, EXEC, v:1, k:ed@lista_d2, mode:FULL, rate:80, size:188
2026-05-03 11:15:08, MOVE, v:1, k:ed@lista_d2, mode:EDIT
2026-05-03 11:15:09, MOVE, v:1, k:ed@lista_d2, mode:EDIT
2026-05-03 11:18:56, EXEC, v:1, k:ed@lista_d2, mode:FULL, rate:80, size:201
2026-05-03 11:19:19, EXEC, v:1, k:ed@lista_d2, mode:FULL, rate:100, size:201
2026-05-03 11:19:31, MOVE, v:1, k:ed@lista_d2, mode:BACK
2026-05-03 11:20:07, SELF, v:1, k:ed@lista_d2, self:1, rate:100, study:85, concept:1, refactor:1
2026-05-03 15:54:07, MOVE, v:1, k:ed@lista_d4, mode:PICK
2026-05-03 15:54:09, MOVE, v:1, k:ed@lista_d4, mode:BACK
2026-05-03 15:54:15, MOVE, v:1, k:ed@lista_d4, mode:PICK
2026-05-03 15:54:18, EXEC, v:1, k:ed@lista_d4, mode:FULL, rate:0, size:124
2026-05-03 15:55:43, MOVE, v:1, k:ed@lista_d4, mode:BACK
2026-05-03 15:55:49, MOVE, v:1, k:ed@lista_d4, mode:PICK
2026-05-03 15:57:24, EXEC, v:1, k:ed@lista_d4, mode:FULL, size:124, fail:COMP
2026-05-03 15:57:42, EXEC, v:1, k:ed@lista_d4, mode:FULL, size:125, fail:COMP
2026-05-03 15:58:17, EXEC, v:1, k:ed@lista_d4, mode:FULL, rate:0, size:125
2026-05-03 15:58:17, MOVE, v:1, k:ed@lista_d4, mode:EDIT
2026-05-03 15:58:15, MOVE, v:1, k:ed@lista_d4, mode:EDIT
2026-05-03 15:59:42, EXEC, v:1, k:ed@lista_d4, mode:FULL, size:125, fail:COMP
2026-05-03 16:03:05, EXEC, v:1, k:ed@lista_d4, mode:FULL, size:138, fail:COMP
2026-05-03 16:03:23, MOVE, v:1, k:ed@lista_d4, mode:EDIT
2026-05-03 16:04:09, EXEC, v:1, k:ed@lista_d4, mode:FULL, rate:66, size:146
2026-05-03 16:07:33, EXEC, v:1, k:ed@lista_d4, mode:FULL, rate:66, size:149
2026-05-03 16:07:31, MOVE, v:1, k:ed@lista_d4, mode:EDIT
2026-05-03 16:07:33, MOVE, v:1, k:ed@lista_d4, mode:EDIT
2026-05-03 16:11:12, EXEC, v:1, k:ed@lista_d4, mode:FULL, rate:100, size:152
2026-05-03 16:11:10, MOVE, v:1, k:ed@lista_d4, mode:EDIT
2026-05-03 16:11:12, MOVE, v:1, k:ed@lista_d4, mode:EDIT
2026-05-03 16:16:09, MOVE, v:1, k:ed@lista_d4, mode:BACK
2026-05-03 16:16:13, MOVE, v:1, k:ed@lista_d2, mode:PICK
2026-05-03 16:16:14, EXEC, v:1, k:ed@lista_d2, mode:FULL, rate:100
2026-05-03 16:16:16, MOVE, v:1, k:ed@lista_d2, mode:BACK
2026-05-03 16:17:21, MOVE, v:1, k:ed@lista_d4, mode:PICK
2026-05-03 16:17:22, EXEC, v:1, k:ed@lista_d4, mode:FULL, rate:100
2026-05-03 16:17:23, MOVE, v:1, k:ed@lista_d4, mode:BACK
2026-05-03 16:17:52, SELF, v:1, k:ed@lista_d4, self:1, rate:100, study:25, concept:1, refactor:1
2026-05-03 16:18:00, MOVE, v:1, k:ed@prin_list1, mode:PICK
2026-05-03 16:18:01, EXEC, v:1, k:ed@prin_list1, mode:FULL, size:172, fail:COMP
2026-05-03 16:20:44, MOVE, v:1, k:ed@prin_list1, mode:BACK
2026-05-03 16:20:54, MOVE, v:1, k:ed@prin_list1, mode:PICK
2026-05-03 16:17:22, MOVE, v:1, k:ed@lista_d4, mode:EDIT
2026-05-03 16:19:48, MOVE, v:1, k:ed@prin_list1, mode:EDIT
2026-05-03 16:26:04, EXEC, v:1, k:ed@prin_list1, mode:FULL, rate:0, size:183
2026-05-03 16:25:59, MOVE, v:1, k:ed@prin_list1, mode:EDIT
2026-05-03 16:26:04, MOVE, v:1, k:ed@prin_list1, mode:EDIT
2026-05-03 16:28:48, EXEC, v:1, k:ed@prin_list1, mode:FULL, size:210, fail:COMP
2026-05-03 16:29:02, EXEC, v:1, k:ed@prin_list1, mode:FULL, size:209, fail:COMP
2026-05-03 16:29:23, EXEC, v:1, k:ed@prin_list1, mode:FULL, rate:0, size:188
2026-05-03 16:29:33, EXEC, v:1, k:ed@prin_list1, mode:FULL, rate:0
2026-05-03 16:30:41, EXEC, v:1, k:ed@prin_list1, mode:FULL, rate:0, size:189
2026-05-03 16:30:37, MOVE, v:1, k:ed@prin_list1, mode:EDIT
2026-05-03 16:30:41, MOVE, v:1, k:ed@prin_list1, mode:EDIT
2026-05-03 16:39:27, EXEC, v:1, k:ed@prin_list1, mode:FULL, rate:0, size:188
2026-05-03 16:39:43, EXEC, v:1, k:ed@prin_list1, mode:FULL, rate:0, size:189
2026-05-03 16:40:42, EXEC, v:1, k:ed@prin_list1, mode:FULL, rate:0, size:189
2026-05-03 16:40:55, EXEC, v:1, k:ed@prin_list1, mode:FULL, rate:0, size:189
2026-05-03 16:40:53, MOVE, v:1, k:ed@prin_list1, mode:EDIT
2026-05-03 16:40:54, MOVE, v:1, k:ed@prin_list1, mode:EDIT
2026-05-03 16:43:13, EXEC, v:1, k:ed@prin_list1, mode:FULL, rate:0, size:189
2026-05-03 16:45:50, EXEC, v:1, k:ed@prin_list1, mode:FULL, rate:0, size:193
2026-05-03 16:46:02, MOVE, v:1, k:ed@prin_list1, mode:EDIT
2026-05-03 16:45:46, MOVE, v:1, k:ed@prin_list1, mode:EDIT
2026-05-03 16:47:10, EXEC, v:1, k:ed@prin_list1, mode:FULL, rate:0, size:200
2026-05-03 16:50:48, EXEC, v:1, k:ed@prin_list1, mode:FULL, rate:0, size:205
2026-05-03 16:47:02, MOVE, v:1, k:ed@prin_list1, mode:EDIT
2026-05-03 16:50:44, MOVE, v:1, k:ed@prin_list1, mode:EDIT
2026-05-03 16:50:56, MOVE, v:1, k:ed@prin_list1, mode:EDIT
2026-05-03 16:52:19, EXEC, v:1, k:ed@prin_list1, mode:FULL, rate:0, size:193
2026-05-03 16:53:24, EXEC, v:1, k:ed@prin_list1, mode:FULL, rate:0, size:201
2026-05-03 16:56:20, MOVE, v:1, k:ed@prin_list1, mode:EDIT
2026-05-03 16:56:23, MOVE, v:1, k:ed@prin_list1, mode:EDIT
2026-05-03 16:56:27, EXEC, v:1, k:ed@prin_list1, mode:FULL, rate:0, size:198
2026-05-03 16:56:56, EXEC, v:1, k:ed@prin_list1, mode:FULL, rate:0, size:189
2026-05-03 16:57:20, EXEC, v:1, k:ed@prin_list1, mode:FULL, rate:0, size:189
2026-05-03 16:57:27, EXEC, v:1, k:ed@prin_list1, mode:FULL, rate:0, size:189
2026-05-03 16:57:32, EXEC, v:1, k:ed@prin_list1, mode:FULL, rate:0, size:189
2026-05-03 16:57:45, EXEC, v:1, k:ed@prin_list1, mode:FULL, rate:0, size:189
2026-05-03 16:57:48, EXEC, v:1, k:ed@prin_list1, mode:FULL, rate:0, size:189
2026-05-03 16:59:11, EXEC, v:1, k:ed@prin_list1, mode:FULL, rate:0, size:193
2026-05-03 17:00:23, EXEC, v:1, k:ed@prin_list1, mode:FULL, rate:100, size:193
2026-05-03 17:00:20, MOVE, v:1, k:ed@prin_list1, mode:EDIT
2026-05-03 17:00:23, MOVE, v:1, k:ed@prin_list1, mode:EDIT
2026-05-03 18:18:03, MOVE, v:1, k:ed@prin_list1, mode:PICK
2026-05-03 18:18:06, EXEC, v:1, k:ed@prin_list1, mode:FULL, rate:100
2026-05-03 18:18:08, MOVE, v:1, k:ed@prin_list1, mode:BACK
2026-05-03 18:18:28, MOVE, v:1, k:ed@lista_d4, mode:PICK
2026-05-03 18:18:29, EXEC, v:1, k:ed@lista_d4, mode:FULL, rate:100
2026-05-03 18:18:29, MOVE, v:1, k:ed@lista_d4, mode:BACK
2026-05-03 18:18:06, MOVE, v:1, k:ed@prin_list1, mode:EDIT
2026-05-03 18:18:29, MOVE, v:1, k:ed@lista_d4, mode:EDIT
2026-05-03 18:53:04, MOVE, v:1, k:ed@lista_d4, mode:PICK
2026-05-03 18:53:05, EXEC, v:1, k:ed@lista_d4, mode:FULL, rate:100
2026-05-03 18:53:06, MOVE, v:1, k:ed@lista_d4, mode:BACK
2026-05-03 18:53:26, MOVE, v:1, k:ed@prin_list1, mode:PICK
2026-05-03 18:53:05, MOVE, v:1, k:ed@lista_d4, mode:EDIT
2026-05-03 19:00:06, MOVE, v:1, k:ed@prin_list1, mode:BACK
2026-05-03 19:00:15, MOVE, v:1, k:ed@prin_list1, mode:PICK
2026-05-03 19:25:41, MOVE, v:1, k:ed@prin_list1, mode:BACK
2026-05-03 19:25:51, MOVE, v:1, k:ed@lista_d4, mode:PICK
2026-05-03 19:25:52, EXEC, v:1, k:ed@lista_d4, mode:FULL, rate:100
2026-05-03 19:25:53, MOVE, v:1, k:ed@lista_d4, mode:BACK
2026-05-03 19:26:41, SELF, v:1, k:ed@prin_list1, self:1, study:64, concept:1, refactor:1
2026-05-03 19:26:45, MOVE, v:1, k:ed@prin_list1, mode:PICK
2026-05-03 19:26:46, EXEC, v:1, k:ed@prin_list1, mode:FULL, rate:100
2026-05-03 19:26:48, MOVE, v:1, k:ed@prin_list1, mode:BACK
2026-05-03 19:27:03, SELF, v:1, k:ed@prin_list1, self:1, rate:100, study:74, concept:1, refactor:1
2026-05-03 19:27:30, SELF, v:1, k:ed@lista_d4, self:1, rate:100, study:57, concept:1, refactor:1
2026-05-03 19:27:43, SELF, v:1, k:ed@lista_d2, self:1, rate:100, study:84, concept:1, refactor:1
2026-05-03 19:27:47, SELF, v:1, k:ed@lista_d2, self:1, rate:100, study:84, concept:1, refactor:1
2026-05-03 19:27:49, MOVE, v:1, k:ed@lista_d4, mode:PICK
2026-05-03 19:27:51, MOVE, v:1, k:ed@lista_d4, mode:BACK
