2026-04-22 12:20:43, MOVE, v:1, k:ed@setbuild, mode:PICK
2026-04-22 12:20:45, EXEC, v:1, k:ed@setbuild, mode:FULL, rate:0
2026-04-22 12:20:47, MOVE, v:1, k:ed@setbuild, mode:BACK
2026-04-22 12:20:50, MOVE, v:1, k:ed@multiset, mode:PICK
2026-04-22 12:20:51, EXEC, v:1, k:ed@multiset, mode:FULL, size:60, fail:COMP
2026-04-22 12:20:52, MOVE, v:1, k:ed@multiset, mode:BACK
2026-04-22 12:20:55, MOVE, v:1, k:ed@setbuild, mode:PICK
2026-04-22 12:20:58, EXEC, v:1, k:ed@setbuild, mode:FULL, rate:0
2026-04-22 12:22:19, EXEC, v:1, k:ed@setbuild, mode:FULL, rate:0, size:158
2026-04-22 12:23:34, EXEC, v:1, k:ed@setbuild, mode:FULL, size:158, fail:COMP
2026-04-22 12:24:06, EXEC, v:1, k:ed@setbuild, mode:FULL, size:158, fail:COMP
2026-04-22 12:24:20, EXEC, v:1, k:ed@setbuild, mode:FULL, size:158, fail:COMP
2026-04-22 12:24:38, EXEC, v:1, k:ed@setbuild, mode:FULL, size:158, fail:COMP
2026-04-22 12:25:14, EXEC, v:1, k:ed@setbuild, mode:FULL, size:158, fail:COMP
2026-04-22 12:25:21, EXEC, v:1, k:ed@setbuild, mode:FULL, rate:0, size:158
2026-04-22 12:25:21, MOVE, v:1, k:ed@setbuild, mode:EDIT
2026-04-22 12:25:20, MOVE, v:1, k:ed@setbuild, mode:EDIT
2026-04-22 12:28:32, EXEC, v:1, k:ed@setbuild, mode:FULL, rate:0, size:168
2026-04-22 12:28:48, MOVE, v:1, k:ed@setbuild, mode:EDIT
2026-04-22 12:28:32, MOVE, v:1, k:ed@setbuild, mode:EDIT
2026-04-22 12:32:00, EXEC, v:1, k:ed@setbuild, mode:FULL, size:53, fail:COMP
2026-04-22 12:32:29, EXEC, v:1, k:ed@setbuild, mode:FULL, size:54, fail:COMP
2026-04-22 12:33:04, EXEC, v:1, k:ed@setbuild, mode:FULL, rate:0, size:158
2026-04-22 12:33:48, EXEC, v:1, k:ed@setbuild, mode:FULL, size:209, fail:COMP
2026-04-22 12:34:13, EXEC, v:1, k:ed@setbuild, mode:FULL, rate:0, size:212
2026-04-22 12:34:04, MOVE, v:1, k:ed@setbuild, mode:EDIT
2026-04-22 12:34:13, MOVE, v:1, k:ed@setbuild, mode:EDIT
2026-04-22 12:38:38, EXEC, v:1, k:ed@setbuild, mode:FULL, rate:0, size:217
2026-04-22 12:38:31, MOVE, v:1, k:ed@setbuild, mode:EDIT
2026-04-22 12:38:38, MOVE, v:1, k:ed@setbuild, mode:EDIT
2026-04-22 12:44:30, EXEC, v:1, k:ed@setbuild, mode:FULL, rate:0, size:211
2026-04-22 12:44:49, EXEC, v:1, k:ed@setbuild, mode:FULL, rate:66, size:211
2026-04-22 12:45:00, MOVE, v:1, k:ed@setbuild, mode:EDIT
2026-04-22 12:44:49, MOVE, v:1, k:ed@setbuild, mode:EDIT
2026-04-22 12:47:01, EXEC, v:1, k:ed@setbuild, mode:FULL, size:143, fail:COMP
2026-04-22 12:47:34, EXEC, v:1, k:ed@setbuild, mode:FULL, rate:66, size:143
2026-04-22 12:47:32, MOVE, v:1, k:ed@setbuild, mode:EDIT
2026-04-22 12:47:34, MOVE, v:1, k:ed@setbuild, mode:EDIT
2026-04-22 12:56:41, MOVE, v:1, k:ed@setbuild, mode:BACK
2026-04-22 12:56:58, MOVE, v:1, k:ed@setbuild, mode:PICK
2026-04-22 12:56:59, EXEC, v:1, k:ed@setbuild, mode:FULL, rate:66
2026-04-22 12:57:00, MOVE, v:1, k:ed@setbuild, mode:BACK
2026-04-22 12:57:14, MOVE, v:1, k:ed@multiset, mode:PICK
2026-04-22 12:57:29, EXEC, v:1, k:ed@multiset, mode:FULL, fail:COMP
2026-04-22 12:58:06, EXEC, v:1, k:ed@multiset, mode:FULL, size:60, fail:COMP
2026-04-22 12:58:17, EXEC, v:1, k:ed@multiset, mode:FULL, size:60, fail:COMP
2026-04-22 12:59:55, EXEC, v:1, k:ed@multiset, mode:FULL, size:74, fail:COMP
2026-04-22 13:00:30, EXEC, v:1, k:ed@multiset, mode:FULL, size:74, fail:COMP
2026-04-22 13:00:40, EXEC, v:1, k:ed@multiset, mode:FULL, size:74, fail:COMP
2026-04-22 13:00:48, EXEC, v:1, k:ed@multiset, mode:FULL, rate:0, size:74
2026-04-22 12:56:59, MOVE, v:1, k:ed@setbuild, mode:EDIT
2026-04-22 13:00:48, MOVE, v:1, k:ed@multiset, mode:EDIT
2026-04-22 13:00:48, MOVE, v:1, k:ed@multiset, mode:EDIT
2026-04-22 13:03:47, EXEC, v:1, k:ed@multiset, mode:FULL, size:91, fail:COMP
2026-04-22 13:04:19, EXEC, v:1, k:ed@multiset, mode:FULL, rate:0, size:91
2026-04-22 13:06:26, MOVE, v:1, k:ed@multiset, mode:EDIT
2026-04-22 13:04:19, MOVE, v:1, k:ed@multiset, mode:EDIT
2026-04-22 13:07:29, EXEC, v:1, k:ed@multiset, mode:FULL, size:116, fail:COMP
2026-04-22 13:08:33, EXEC, v:1, k:ed@multiset, mode:FULL, size:128, fail:COMP
2026-04-22 13:09:01, EXEC, v:1, k:ed@multiset, mode:FULL, fail:COMP
2026-04-22 13:09:47, EXEC, v:1, k:ed@multiset, mode:FULL, size:129, fail:COMP
2026-04-22 13:10:34, EXEC, v:1, k:ed@multiset, mode:FULL, size:129, fail:COMP
2026-04-22 13:11:42, MOVE, v:1, k:ed@multiset, mode:EDIT
2026-04-22 13:12:10, EXEC, v:1, k:ed@multiset, mode:FULL, rate:0, size:141
2026-04-22 13:14:25, EXEC, v:1, k:ed@multiset, mode:FULL, rate:0, size:129
2026-04-22 13:14:24, MOVE, v:1, k:ed@multiset, mode:EDIT
2026-04-22 13:14:25, MOVE, v:1, k:ed@multiset, mode:EDIT
2026-04-22 13:17:09, EXEC, v:1, k:ed@multiset, mode:FULL, rate:0, size:129
2026-04-22 13:17:09, MOVE, v:1, k:ed@multiset, mode:EDIT
2026-04-22 13:17:09, MOVE, v:1, k:ed@multiset, mode:EDIT
2026-04-22 13:22:32, EXEC, v:1, k:ed@multiset, mode:FULL, rate:0, size:130
2026-04-22 13:23:14, EXEC, v:1, k:ed@multiset, mode:FULL, rate:0, size:130
2026-04-22 13:23:24, EXEC, v:1, k:ed@multiset, mode:FULL, rate:0, size:130
2026-04-22 13:23:41, MOVE, v:1, k:ed@multiset, mode:EDIT
2026-04-22 13:23:24, MOVE, v:1, k:ed@multiset, mode:EDIT
2026-04-22 13:39:52, EXEC, v:1, k:ed@multiset, mode:FULL, size:140, fail:COMP
2026-04-22 13:40:04, EXEC, v:1, k:ed@multiset, mode:FULL, rate:0, size:139
2026-04-22 13:40:03, MOVE, v:1, k:ed@multiset, mode:EDIT
2026-04-22 13:40:04, MOVE, v:1, k:ed@multiset, mode:EDIT
2026-04-22 13:42:57, EXEC, v:1, k:ed@multiset, mode:FULL, rate:0, size:140
2026-04-22 13:43:13, EXEC, v:1, k:ed@multiset, mode:FULL, size:140, fail:COMP
2026-04-22 13:43:13, EXEC, v:1, k:ed@multiset, mode:FULL, size:140, fail:COMP
2026-04-22 13:43:26, EXEC, v:1, k:ed@multiset, mode:FULL, size:140, fail:COMP
2026-04-22 13:43:47, EXEC, v:1, k:ed@multiset, mode:FULL, rate:0, size:140
2026-04-22 13:44:15, MOVE, v:1, k:ed@multiset, mode:BACK
2026-04-22 13:44:19, MOVE, v:1, k:ed@setbuild, mode:PICK
2026-04-22 13:44:20, EXEC, v:1, k:ed@setbuild, mode:FULL, rate:66
2026-04-22 13:45:44, MOVE, v:1, k:ed@setbuild, mode:BACK
2026-04-22 13:45:47, MOVE, v:1, k:ed@multiset, mode:PICK
2026-04-22 13:45:49, EXEC, v:1, k:ed@multiset, mode:FULL, rate:0, size:140
2026-04-22 13:45:41, MOVE, v:1, k:ed@multiset, mode:EDIT
2026-04-22 13:45:49, MOVE, v:1, k:ed@multiset, mode:EDIT
2026-04-22 13:46:29, MOVE, v:1, k:ed@setbuild, mode:EDIT
2026-04-22 13:44:20, MOVE, v:1, k:ed@setbuild, mode:EDIT
2026-04-22 13:51:48, MOVE, v:1, k:ed@multiset, mode:BACK
2026-04-22 13:52:23, SELF, v:1, k:ed@vetbuild, self:1, study:100, concept:1, refactor:1
2026-04-22 13:55:16, MOVE, v:1, k:ed@setbuild, mode:PICK
2026-04-22 13:55:17, EXEC, v:1, k:ed@setbuild, mode:FULL, rate:66, size:155
2026-04-22 13:56:23, EXEC, v:1, k:ed@setbuild, mode:FULL, rate:66, size:155
2026-04-22 13:56:23, MOVE, v:1, k:ed@setbuild, mode:EDIT
2026-04-22 13:56:23, MOVE, v:1, k:ed@setbuild, mode:EDIT
2026-04-22 13:58:22, EXEC, v:1, k:ed@setbuild, mode:FULL, rate:66, size:157
2026-04-22 13:58:33, EXEC, v:1, k:ed@setbuild, mode:FULL, rate:100, size:157
2026-04-22 13:59:31, MOVE, v:1, k:ed@setbuild, mode:BACK
2026-04-22 14:01:52, SELF, v:1, k:ed@setbuild, self:1, rate:100, study:75, refactor:1
2026-04-22 14:02:21, SELF, v:1, k:ed@vetbuild, self:1, study:100, concept:1, refactor:1
