2026-05-24 10:54:33, SELF, v:1, k:ed@editorint, self:1, study:150, concept:1, refactor:1
2026-05-24 10:55:21, MOVE, v:1, k:ed@princesa, mode:PICK
2026-05-24 10:55:24, EXEC, v:1, k:ed@princesa, mode:FULL, rate:0, size:29
2026-05-24 10:55:24, MOVE, v:1, k:ed@princesa, mode:EDIT
2026-05-24 10:55:56, MOVE, v:1, k:ed@princesa, mode:EDIT
2026-05-24 20:30:19, MOVE, v:1, k:ed@princesa, mode:PICK
2026-05-24 20:30:22, EXEC, v:1, k:ed@princesa, mode:FULL, rate:0, size:30
2026-05-24 20:30:54, EXEC, v:1, k:ed@princesa, mode:FULL, rate:0, size:30
2026-05-24 20:31:48, EXEC, v:1, k:ed@princesa, mode:FULL, rate:0, size:30
2026-05-24 20:31:57, EXEC, v:1, k:ed@princesa, mode:FULL, rate:0, size:30
2026-05-24 20:32:20, EXEC, v:1, k:ed@princesa, mode:FULL, rate:0, size:23
2026-05-24 20:32:32, EXEC, v:1, k:ed@princesa, mode:FULL, rate:0, size:22
2026-05-24 20:32:32, MOVE, v:1, k:ed@princesa, mode:EDIT
2026-05-24 20:35:15, MOVE, v:1, k:ed@princesa, mode:EDIT
2026-05-24 20:35:21, EXEC, v:1, k:ed@princesa, mode:FULL, size:27, fail:COMP
2026-05-24 20:36:04, EXEC, v:1, k:ed@princesa, mode:FULL, rate:0, size:28
2026-05-24 20:39:51, EXEC, v:1, k:ed@princesa, mode:FULL, size:26, fail:COMP
2026-05-24 20:40:10, EXEC, v:1, k:ed@princesa, mode:FULL, rate:0, size:26
2026-05-24 20:40:09, MOVE, v:1, k:ed@princesa, mode:EDIT
2026-05-24 20:40:10, MOVE, v:1, k:ed@princesa, mode:EDIT
2026-05-24 20:42:03, MOVE, v:1, k:ed@princesa, mode:EDIT
2026-05-24 20:47:55, MOVE, v:1, k:ed@princesa, mode:EDIT
2026-05-24 20:55:16, MOVE, v:1, k:ed@princesa, mode:EDIT
2026-05-24 20:55:29, MOVE, v:1, k:ed@princesa, mode:EDIT
2026-05-24 22:44:13, MOVE, v:1, k:ed@princesa, mode:PICK
2026-05-24 22:45:30, EXEC, v:1, k:ed@princesa, mode:FULL, size:38, fail:COMP
2026-05-24 22:48:55, MOVE, v:1, k:ed@princesa, mode:EDIT
2026-05-24 22:52:48, EXEC, v:1, k:ed@princesa, mode:FULL, size:39, fail:COMP
2026-05-24 22:52:47, MOVE, v:1, k:ed@princesa, mode:EDIT
2026-05-24 23:02:24, EXEC, v:1, k:ed@princesa, mode:FULL, fail:COMP
